#
# There is insufficient memory for the Java Runtime Environment to continue.
# Native memory allocation (malloc) failed to allocate 1978784 bytes for Chunk::new
# Possible reasons:
#   The system is out of physical RAM or swap space
#   The process is running with CompressedOops enabled, and the Java Heap may be blocking the growth of the native heap
# Possible solutions:
#   Reduce memory load on the system
#   Increase physical memory or swap space
#   Check if swap backing store is full
#   Decrease Java heap size (-Xmx/-Xms)
#   Decrease number of Java threads
#   Decrease Java thread stack sizes (-Xss)
#   Set larger code cache with -XX:ReservedCodeCacheSize=
#   JVM is running with Unscaled Compressed Oops mode in which the Java heap is
#     placed in the first 4GB address space. The Java Heap base address is the
#     maximum limit for the native heap growth. Please use -XX:HeapBaseMinAddress
#     to set the Java Heap base and to place the Java Heap above 4GB virtual address.
# This output file may be truncated or incomplete.
#
#  Out of Memory Error (arena.cpp:189), pid=2140, tid=16352
#
# JRE version: OpenJDK Runtime Environment (17.0+35) (build 17+35-2724)
# Java VM: OpenJDK 64-Bit Server VM (17+35-2724, mixed mode, sharing, tiered, compressed oops, compressed class ptrs, g1 gc, windows-amd64)
# No core dump will be written. Minidumps are not enabled by default on client versions of Windows
#

---------------  S U M M A R Y ------------

Command Line: -ea -Didea.test.cyclic.buffer.size=1048576 -javaagent:C:\Program Files\JetBrains\IntelliJ IDEA Community Edition 2023.2.5\lib\idea_rt.jar=58637:C:\Program Files\JetBrains\IntelliJ IDEA Community Edition 2023.2.5\bin -Dfile.encoding=UTF-8 com.intellij.rt.junit.JUnitStarter -ideVersion5 -junit5 com.pokemonreview.api.repository.PokemonRepositoryTests,PokemonRepository_UpdatePokemon_ReturnPokemonNotNull

Host: Intel(R) Core(TM) i5-10210U CPU @ 1.60GHz, 8 cores, 7G,  Windows 10 , 64 bit Build 22621 (10.0.22621.2215)
Time: Mon Nov 20 16:06:16 2023  Windows 10 , 64 bit Build 22621 (10.0.22621.2215) elapsed time: 6.941360 seconds (0d 0h 0m 6s)

---------------  T H R E A D  ---------------

Current thread (0x0000026fbdd22330):  JavaThread "C2 CompilerThread1" daemon [_thread_in_native, id=16352, stack(0x000000f18bb00000,0x000000f18bc00000)]


Current CompileTask:
C2:   6941 3963       4       org.springframework.core.annotation.TypeMappedAnnotations::get (52 bytes)

Stack: [0x000000f18bb00000,0x000000f18bc00000]
Native frames: (J=compiled Java code, j=interpreted, Vv=VM code, C=native code)
V  [jvm.dll+0x66f8ea]
V  [jvm.dll+0x7ce224]
V  [jvm.dll+0x7cf9ce]
V  [jvm.dll+0x7d0033]
V  [jvm.dll+0x242bb5]
V  [jvm.dll+0xaa05b]
V  [jvm.dll+0xaa5ec]
V  [jvm.dll+0x35f9f7]
V  [jvm.dll+0x329f61]
V  [jvm.dll+0x32940a]
V  [jvm.dll+0x215ca1]
V  [jvm.dll+0x2150c1]
V  [jvm.dll+0x1a168d]
V  [jvm.dll+0x2248f8]
V  [jvm.dll+0x222a5c]
V  [jvm.dll+0x78422b]
V  [jvm.dll+0x77e7ea]
V  [jvm.dll+0x66e715]
C  [ucrtbase.dll+0x29363]
C  [KERNEL32.DLL+0x1257d]
C  [ntdll.dll+0x5aa68]


---------------  P R O C E S S  ---------------

Threads class SMR info:
_java_thread_list=0x0000026fbe011820, length=15, elements={
0x0000026f9ddbc650, 0x0000026fbbce7670, 0x0000026fbbce84e0, 0x0000026fbbd055f0,
0x0000026fbbd061a0, 0x0000026fbbd08b60, 0x0000026fbbd0ca10, 0x0000026fbbd0dbb0,
0x0000026fbbd18670, 0x0000026fbbd2b050, 0x0000026fbbcd0df0, 0x0000026fbc9712c0,
0x0000026fbc971790, 0x0000026fbdd22330, 0x0000026fbdd21400
}

Java Threads: ( => current thread )
  0x0000026f9ddbc650 JavaThread "main" [_thread_in_native, id=2936, stack(0x000000f18a700000,0x000000f18a800000)]
  0x0000026fbbce7670 JavaThread "Reference Handler" daemon [_thread_blocked, id=13572, stack(0x000000f18ae00000,0x000000f18af00000)]
  0x0000026fbbce84e0 JavaThread "Finalizer" daemon [_thread_blocked, id=22944, stack(0x000000f18af00000,0x000000f18b000000)]
  0x0000026fbbd055f0 JavaThread "Signal Dispatcher" daemon [_thread_blocked, id=21028, stack(0x000000f18b000000,0x000000f18b100000)]
  0x0000026fbbd061a0 JavaThread "Attach Listener" daemon [_thread_blocked, id=19720, stack(0x000000f18b100000,0x000000f18b200000)]
  0x0000026fbbd08b60 JavaThread "Service Thread" daemon [_thread_blocked, id=18444, stack(0x000000f18b200000,0x000000f18b300000)]
  0x0000026fbbd0ca10 JavaThread "Monitor Deflation Thread" daemon [_thread_blocked, id=4584, stack(0x000000f18b300000,0x000000f18b400000)]
  0x0000026fbbd0dbb0 JavaThread "C2 CompilerThread0" daemon [_thread_in_native, id=12716, stack(0x000000f18b400000,0x000000f18b500000)]
  0x0000026fbbd18670 JavaThread "C1 CompilerThread0" daemon [_thread_blocked, id=23700, stack(0x000000f18b500000,0x000000f18b600000)]
  0x0000026fbbd2b050 JavaThread "Sweeper thread" daemon [_thread_blocked, id=24072, stack(0x000000f18b600000,0x000000f18b700000)]
  0x0000026fbbcd0df0 JavaThread "Common-Cleaner" daemon [_thread_blocked, id=21388, stack(0x000000f18b700000,0x000000f18b800000)]
  0x0000026fbc9712c0 JavaThread "Monitor Ctrl-Break" daemon [_thread_in_native, id=18024, stack(0x000000f18b800000,0x000000f18b900000)]
  0x0000026fbc971790 JavaThread "Notification Thread" daemon [_thread_blocked, id=11480, stack(0x000000f18b900000,0x000000f18ba00000)]
=>0x0000026fbdd22330 JavaThread "C2 CompilerThread1" daemon [_thread_in_native, id=16352, stack(0x000000f18bb00000,0x000000f18bc00000)]
  0x0000026fbdd21400 JavaThread "C2 CompilerThread2" daemon [_thread_in_native, id=8972, stack(0x000000f18bc00000,0x000000f18bd00000)]

Other Threads:
  0x0000026fbbce3a80 VMThread "VM Thread" [stack: 0x000000f18ad00000,0x000000f18ae00000] [id=18228]
  0x0000026f9de1fc50 WatcherThread [stack: 0x000000f18ba00000,0x000000f18bb00000] [id=19884]
  0x0000026f9ddf9bb0 GCTaskThread "GC Thread#0" [stack: 0x000000f18a800000,0x000000f18a900000] [id=18528]
  0x0000026fbe0f3d00 GCTaskThread "GC Thread#1" [stack: 0x000000f18bd00000,0x000000f18be00000] [id=10564]
  0x0000026fbdd27e80 GCTaskThread "GC Thread#2" [stack: 0x000000f18be00000,0x000000f18bf00000] [id=4196]
  0x0000026fbdd28690 GCTaskThread "GC Thread#3" [stack: 0x000000f18bf00000,0x000000f18c000000] [id=9348]
  0x0000026fbdd28940 GCTaskThread "GC Thread#4" [stack: 0x000000f18c000000,0x000000f18c100000] [id=6540]
  0x0000026fbdd28bf0 GCTaskThread "GC Thread#5" [stack: 0x000000f18c100000,0x000000f18c200000] [id=16212]
  0x0000026fbdd28ea0 GCTaskThread "GC Thread#6" [stack: 0x000000f18c200000,0x000000f18c300000] [id=12744]
  0x0000026fbdd29150 GCTaskThread "GC Thread#7" [stack: 0x000000f18c300000,0x000000f18c400000] [id=15604]
  0x0000026f9de0a430 ConcurrentGCThread "G1 Main Marker" [stack: 0x000000f18a900000,0x000000f18aa00000] [id=7512]
  0x0000026f9de0b5e0 ConcurrentGCThread "G1 Conc#0" [stack: 0x000000f18aa00000,0x000000f18ab00000] [id=24032]
  0x0000026fbe1519b0 ConcurrentGCThread "G1 Conc#1" [stack: 0x000000f18c400000,0x000000f18c500000] [id=7844]
  0x0000026f9de771a0 ConcurrentGCThread "G1 Refine#0" [stack: 0x000000f18ab00000,0x000000f18ac00000] [id=21972]
  0x0000026f9de77bc0 ConcurrentGCThread "G1 Service" [stack: 0x000000f18ac00000,0x000000f18ad00000] [id=21700]

Threads with active compile tasks:
C2 CompilerThread0     6979 4007       4       org.springframework.core.annotation.TypeMappedAnnotations$MergedAnnotationFinder::doWithAnnotations (75 bytes)
C2 CompilerThread1     6979 3963       4       org.springframework.core.annotation.TypeMappedAnnotations::get (52 bytes)
C2 CompilerThread2     6979 4008       4       org.springframework.core.annotation.TypeMappedAnnotations$MergedAnnotationFinder::doWithAnnotations (10 bytes)

VM state: not at safepoint (normal execution)

VM Mutex/Monitor currently owned by a thread: None

Heap address: 0x0000000083600000, size: 1994 MB, Compressed Oops mode: 32-bit

CDS archive(s) mapped at: [0x0000000800000000-0x0000000800bc0000-0x0000000800bc0000), size 12320768, SharedBaseAddress: 0x0000000800000000, ArchiveRelocationMode: 0.
Compressed class space mapped at: 0x0000000800c00000-0x0000000840c00000, reserved size: 1073741824
Narrow klass base: 0x0000000800000000, Narrow klass shift: 0, Narrow klass range: 0x100000000

GC Precious Log:
 CPUs: 8 total, 8 available
 Memory: 7973M
 Large Page Support: Disabled
 NUMA Support: Disabled
 Compressed Oops: Enabled (32-bit)
 Heap Region Size: 1M
 Heap Min Capacity: 8M
 Heap Initial Capacity: 126M
 Heap Max Capacity: 1994M
 Pre-touch: Disabled
 Parallel Workers: 8
 Concurrent Workers: 2
 Concurrent Refinement Workers: 8
 Periodic GC: Disabled

Heap:
 garbage-first heap   total 102400K, used 44039K [0x0000000083600000, 0x0000000100000000)
  region size 1024K, 27 young (27648K), 1 survivors (1024K)
 Metaspace       used 51583K, committed 52032K, reserved 1097728K
  class space    used 7153K, committed 7360K, reserved 1048576K

Heap Regions: E=young(eden), S=young(survivor), O=old, HS=humongous(starts), HC=humongous(continues), CS=collection set, F=free, OA=open archive, CA=closed archive, TAMS=top-at-mark-start (previous, next)
|   0|0x0000000083600000, 0x0000000083700000, 0x0000000083700000|100%|HS|  |TAMS 0x0000000083700000, 0x0000000083600000| Complete 
|   1|0x0000000083700000, 0x0000000083800000, 0x0000000083800000|100%| O|  |TAMS 0x0000000083800000, 0x0000000083700000| Untracked 
|   2|0x0000000083800000, 0x0000000083900000, 0x0000000083900000|100%| O|  |TAMS 0x0000000083900000, 0x0000000083800000| Untracked 
|   3|0x0000000083900000, 0x0000000083a00000, 0x0000000083a00000|100%| O|  |TAMS 0x0000000083a00000, 0x0000000083900000| Untracked 
|   4|0x0000000083a00000, 0x0000000083b00000, 0x0000000083b00000|100%| O|  |TAMS 0x0000000083b00000, 0x0000000083a00000| Untracked 
|   5|0x0000000083b00000, 0x0000000083c00000, 0x0000000083c00000|100%| O|  |TAMS 0x0000000083c00000, 0x0000000083b00000| Untracked 
|   6|0x0000000083c00000, 0x0000000083d00000, 0x0000000083d00000|100%| O|  |TAMS 0x0000000083d00000, 0x0000000083c00000| Untracked 
|   7|0x0000000083d00000, 0x0000000083e00000, 0x0000000083e00000|100%| O|  |TAMS 0x0000000083d00000, 0x0000000083d00000| Untracked 
|   8|0x0000000083e00000, 0x0000000083f00000, 0x0000000083f00000|100%| O|  |TAMS 0x0000000083f00000, 0x0000000083e00000| Untracked 
|   9|0x0000000083f00000, 0x0000000084000000, 0x0000000084000000|100%| O|  |TAMS 0x0000000084000000, 0x0000000083f00000| Untracked 
|  10|0x0000000084000000, 0x0000000084100000, 0x0000000084100000|100%| O|  |TAMS 0x0000000084100000, 0x0000000084000000| Untracked 
|  11|0x0000000084100000, 0x0000000084200000, 0x0000000084200000|100%| O|  |TAMS 0x0000000084200000, 0x0000000084100000| Untracked 
|  12|0x0000000084200000, 0x0000000084300000, 0x0000000084300000|100%| O|  |TAMS 0x0000000084300000, 0x0000000084200000| Untracked 
|  13|0x0000000084300000, 0x0000000084400000, 0x0000000084400000|100%| O|  |TAMS 0x0000000084400000, 0x0000000084300000| Untracked 
|  14|0x0000000084400000, 0x0000000084500000, 0x0000000084500000|100%| O|  |TAMS 0x0000000084500000, 0x0000000084400000| Untracked 
|  15|0x0000000084500000, 0x0000000084500000, 0x0000000084600000|  0%| F|  |TAMS 0x0000000084500000, 0x0000000084500000| Untracked 
|  16|0x0000000084600000, 0x0000000084700000, 0x0000000084700000|100%| O|  |TAMS 0x0000000084600000, 0x0000000084600000| Untracked 
|  17|0x0000000084700000, 0x0000000084800000, 0x0000000084800000|100%| O|  |TAMS 0x0000000084700000, 0x0000000084700000| Untracked 
|  18|0x0000000084800000, 0x0000000084823600, 0x0000000084900000| 13%| O|  |TAMS 0x0000000084800000, 0x0000000084800000| Untracked 
|  19|0x0000000084900000, 0x0000000084900000, 0x0000000084a00000|  0%| F|  |TAMS 0x0000000084900000, 0x0000000084900000| Untracked 
|  20|0x0000000084a00000, 0x0000000084a00000, 0x0000000084b00000|  0%| F|  |TAMS 0x0000000084a00000, 0x0000000084a00000| Untracked 
|  21|0x0000000084b00000, 0x0000000084b00000, 0x0000000084c00000|  0%| F|  |TAMS 0x0000000084b00000, 0x0000000084b00000| Untracked 
|  22|0x0000000084c00000, 0x0000000084c00000, 0x0000000084d00000|  0%| F|  |TAMS 0x0000000084c00000, 0x0000000084c00000| Untracked 
|  23|0x0000000084d00000, 0x0000000084d00000, 0x0000000084e00000|  0%| F|  |TAMS 0x0000000084d00000, 0x0000000084d00000| Untracked 
|  24|0x0000000084e00000, 0x0000000084e00000, 0x0000000084f00000|  0%| F|  |TAMS 0x0000000084e00000, 0x0000000084e00000| Untracked 
|  25|0x0000000084f00000, 0x0000000084f00000, 0x0000000085000000|  0%| F|  |TAMS 0x0000000084f00000, 0x0000000084f00000| Untracked 
|  26|0x0000000085000000, 0x0000000085000000, 0x0000000085100000|  0%| F|  |TAMS 0x0000000085000000, 0x0000000085000000| Untracked 
|  27|0x0000000085100000, 0x00000000851de780, 0x0000000085200000| 86%| S|CS|TAMS 0x0000000085100000, 0x0000000085100000| Complete 
|  28|0x0000000085200000, 0x0000000085200000, 0x0000000085300000|  0%| F|  |TAMS 0x0000000085200000, 0x0000000085200000| Untracked 
|  29|0x0000000085300000, 0x0000000085300000, 0x0000000085400000|  0%| F|  |TAMS 0x0000000085300000, 0x0000000085300000| Untracked 
|  30|0x0000000085400000, 0x0000000085400000, 0x0000000085500000|  0%| F|  |TAMS 0x0000000085400000, 0x0000000085400000| Untracked 
|  31|0x0000000085500000, 0x0000000085500000, 0x0000000085600000|  0%| F|  |TAMS 0x0000000085500000, 0x0000000085500000| Untracked 
|  32|0x0000000085600000, 0x0000000085600000, 0x0000000085700000|  0%| F|  |TAMS 0x0000000085600000, 0x0000000085600000| Untracked 
|  33|0x0000000085700000, 0x0000000085700000, 0x0000000085800000|  0%| F|  |TAMS 0x0000000085700000, 0x0000000085700000| Untracked 
|  34|0x0000000085800000, 0x0000000085800000, 0x0000000085900000|  0%| F|  |TAMS 0x0000000085800000, 0x0000000085800000| Untracked 
|  35|0x0000000085900000, 0x0000000085900000, 0x0000000085a00000|  0%| F|  |TAMS 0x0000000085900000, 0x0000000085900000| Untracked 
|  36|0x0000000085a00000, 0x0000000085a00000, 0x0000000085b00000|  0%| F|  |TAMS 0x0000000085a00000, 0x0000000085a00000| Untracked 
|  37|0x0000000085b00000, 0x0000000085b00000, 0x0000000085c00000|  0%| F|  |TAMS 0x0000000085b00000, 0x0000000085b00000| Untracked 
|  38|0x0000000085c00000, 0x0000000085c00000, 0x0000000085d00000|  0%| F|  |TAMS 0x0000000085c00000, 0x0000000085c00000| Untracked 
|  39|0x0000000085d00000, 0x0000000085d00000, 0x0000000085e00000|  0%| F|  |TAMS 0x0000000085d00000, 0x0000000085d00000| Untracked 
|  40|0x0000000085e00000, 0x0000000085e00000, 0x0000000085f00000|  0%| F|  |TAMS 0x0000000085e00000, 0x0000000085e00000| Untracked 
|  41|0x0000000085f00000, 0x0000000085f00000, 0x0000000086000000|  0%| F|  |TAMS 0x0000000085f00000, 0x0000000085f00000| Untracked 
|  42|0x0000000086000000, 0x0000000086000000, 0x0000000086100000|  0%| F|  |TAMS 0x0000000086000000, 0x0000000086000000| Untracked 
|  43|0x0000000086100000, 0x0000000086100000, 0x0000000086200000|  0%| F|  |TAMS 0x0000000086100000, 0x0000000086100000| Untracked 
|  44|0x0000000086200000, 0x0000000086200000, 0x0000000086300000|  0%| F|  |TAMS 0x0000000086200000, 0x0000000086200000| Untracked 
|  45|0x0000000086300000, 0x0000000086300000, 0x0000000086400000|  0%| F|  |TAMS 0x0000000086300000, 0x0000000086300000| Untracked 
|  46|0x0000000086400000, 0x0000000086400000, 0x0000000086500000|  0%| F|  |TAMS 0x0000000086400000, 0x0000000086400000| Untracked 
|  47|0x0000000086500000, 0x0000000086500000, 0x0000000086600000|  0%| F|  |TAMS 0x0000000086500000, 0x0000000086500000| Untracked 
|  48|0x0000000086600000, 0x0000000086600000, 0x0000000086700000|  0%| F|  |TAMS 0x0000000086600000, 0x0000000086600000| Untracked 
|  49|0x0000000086700000, 0x0000000086700000, 0x0000000086800000|  0%| F|  |TAMS 0x0000000086700000, 0x0000000086700000| Untracked 
|  50|0x0000000086800000, 0x0000000086800000, 0x0000000086900000|  0%| F|  |TAMS 0x0000000086800000, 0x0000000086800000| Untracked 
|  51|0x0000000086900000, 0x0000000086900000, 0x0000000086a00000|  0%| F|  |TAMS 0x0000000086900000, 0x0000000086900000| Untracked 
|  52|0x0000000086a00000, 0x0000000086a00000, 0x0000000086b00000|  0%| F|  |TAMS 0x0000000086a00000, 0x0000000086a00000| Untracked 
|  53|0x0000000086b00000, 0x0000000086b00000, 0x0000000086c00000|  0%| F|  |TAMS 0x0000000086b00000, 0x0000000086b00000| Untracked 
|  54|0x0000000086c00000, 0x0000000086c00000, 0x0000000086d00000|  0%| F|  |TAMS 0x0000000086c00000, 0x0000000086c00000| Untracked 
|  55|0x0000000086d00000, 0x0000000086d00000, 0x0000000086e00000|  0%| F|  |TAMS 0x0000000086d00000, 0x0000000086d00000| Untracked 
|  56|0x0000000086e00000, 0x0000000086e00000, 0x0000000086f00000|  0%| F|  |TAMS 0x0000000086e00000, 0x0000000086e00000| Untracked 
|  57|0x0000000086f00000, 0x0000000086f00000, 0x0000000087000000|  0%| F|  |TAMS 0x0000000086f00000, 0x0000000086f00000| Untracked 
|  58|0x0000000087000000, 0x0000000087000000, 0x0000000087100000|  0%| F|  |TAMS 0x0000000087000000, 0x0000000087000000| Untracked 
|  59|0x0000000087100000, 0x0000000087100000, 0x0000000087200000|  0%| F|  |TAMS 0x0000000087100000, 0x0000000087100000| Untracked 
|  60|0x0000000087200000, 0x0000000087200000, 0x0000000087300000|  0%| F|  |TAMS 0x0000000087200000, 0x0000000087200000| Untracked 
|  61|0x0000000087300000, 0x0000000087300000, 0x0000000087400000|  0%| F|  |TAMS 0x0000000087300000, 0x0000000087300000| Untracked 
|  62|0x0000000087400000, 0x0000000087400000, 0x0000000087500000|  0%| F|  |TAMS 0x0000000087400000, 0x0000000087400000| Untracked 
|  63|0x0000000087500000, 0x0000000087500000, 0x0000000087600000|  0%| F|  |TAMS 0x0000000087500000, 0x0000000087500000| Untracked 
|  64|0x0000000087600000, 0x0000000087600000, 0x0000000087700000|  0%| F|  |TAMS 0x0000000087600000, 0x0000000087600000| Untracked 
|  65|0x0000000087700000, 0x0000000087700000, 0x0000000087800000|  0%| F|  |TAMS 0x0000000087700000, 0x0000000087700000| Untracked 
|  66|0x0000000087800000, 0x0000000087800000, 0x0000000087900000|  0%| F|  |TAMS 0x0000000087800000, 0x0000000087800000| Untracked 
|  67|0x0000000087900000, 0x0000000087900000, 0x0000000087a00000|  0%| F|  |TAMS 0x0000000087900000, 0x0000000087900000| Untracked 
|  68|0x0000000087a00000, 0x0000000087a00000, 0x0000000087b00000|  0%| F|  |TAMS 0x0000000087a00000, 0x0000000087a00000| Untracked 
|  69|0x0000000087b00000, 0x0000000087b00000, 0x0000000087c00000|  0%| F|  |TAMS 0x0000000087b00000, 0x0000000087b00000| Untracked 
|  70|0x0000000087c00000, 0x0000000087c00000, 0x0000000087d00000|  0%| F|  |TAMS 0x0000000087c00000, 0x0000000087c00000| Untracked 
|  71|0x0000000087d00000, 0x0000000087d00000, 0x0000000087e00000|  0%| F|  |TAMS 0x0000000087d00000, 0x0000000087d00000| Untracked 
|  72|0x0000000087e00000, 0x0000000087e00000, 0x0000000087f00000|  0%| F|  |TAMS 0x0000000087e00000, 0x0000000087e00000| Untracked 
|  73|0x0000000087f00000, 0x0000000087f00000, 0x0000000088000000|  0%| F|  |TAMS 0x0000000087f00000, 0x0000000087f00000| Untracked 
|  74|0x0000000088000000, 0x0000000088080800, 0x0000000088100000| 50%| E|  |TAMS 0x0000000088000000, 0x0000000088000000| Complete 
|  75|0x0000000088100000, 0x0000000088200000, 0x0000000088200000|100%| E|CS|TAMS 0x0000000088100000, 0x0000000088100000| Complete 
|  76|0x0000000088200000, 0x0000000088300000, 0x0000000088300000|100%| E|CS|TAMS 0x0000000088200000, 0x0000000088200000| Complete 
|  77|0x0000000088300000, 0x0000000088400000, 0x0000000088400000|100%| E|CS|TAMS 0x0000000088300000, 0x0000000088300000| Complete 
|  78|0x0000000088400000, 0x0000000088500000, 0x0000000088500000|100%| E|CS|TAMS 0x0000000088400000, 0x0000000088400000| Complete 
|  79|0x0000000088500000, 0x0000000088600000, 0x0000000088600000|100%| E|CS|TAMS 0x0000000088500000, 0x0000000088500000| Complete 
|  80|0x0000000088600000, 0x0000000088700000, 0x0000000088700000|100%| E|CS|TAMS 0x0000000088600000, 0x0000000088600000| Complete 
|  81|0x0000000088700000, 0x0000000088800000, 0x0000000088800000|100%| E|CS|TAMS 0x0000000088700000, 0x0000000088700000| Complete 
|  82|0x0000000088800000, 0x0000000088900000, 0x0000000088900000|100%| E|CS|TAMS 0x0000000088800000, 0x0000000088800000| Complete 
|  83|0x0000000088900000, 0x0000000088a00000, 0x0000000088a00000|100%| E|CS|TAMS 0x0000000088900000, 0x0000000088900000| Complete 
|  84|0x0000000088a00000, 0x0000000088b00000, 0x0000000088b00000|100%| E|CS|TAMS 0x0000000088a00000, 0x0000000088a00000| Complete 
|  85|0x0000000088b00000, 0x0000000088c00000, 0x0000000088c00000|100%| E|CS|TAMS 0x0000000088b00000, 0x0000000088b00000| Complete 
|  86|0x0000000088c00000, 0x0000000088d00000, 0x0000000088d00000|100%| E|CS|TAMS 0x0000000088c00000, 0x0000000088c00000| Complete 
|  87|0x0000000088d00000, 0x0000000088e00000, 0x0000000088e00000|100%| E|CS|TAMS 0x0000000088d00000, 0x0000000088d00000| Complete 
|  88|0x0000000088e00000, 0x0000000088f00000, 0x0000000088f00000|100%| E|CS|TAMS 0x0000000088e00000, 0x0000000088e00000| Complete 
|  89|0x0000000088f00000, 0x0000000089000000, 0x0000000089000000|100%| E|CS|TAMS 0x0000000088f00000, 0x0000000088f00000| Complete 
|  90|0x0000000089000000, 0x0000000089100000, 0x0000000089100000|100%| E|CS|TAMS 0x0000000089000000, 0x0000000089000000| Complete 
|  91|0x0000000089100000, 0x0000000089200000, 0x0000000089200000|100%| E|CS|TAMS 0x0000000089100000, 0x0000000089100000| Complete 
|  92|0x0000000089200000, 0x0000000089300000, 0x0000000089300000|100%| E|CS|TAMS 0x0000000089200000, 0x0000000089200000| Complete 
| 104|0x0000000089e00000, 0x0000000089f00000, 0x0000000089f00000|100%| E|CS|TAMS 0x0000000089e00000, 0x0000000089e00000| Complete 
| 105|0x0000000089f00000, 0x000000008a000000, 0x000000008a000000|100%| E|CS|TAMS 0x0000000089f00000, 0x0000000089f00000| Complete 
| 106|0x000000008a000000, 0x000000008a100000, 0x000000008a100000|100%| E|CS|TAMS 0x000000008a000000, 0x000000008a000000| Complete 
| 107|0x000000008a100000, 0x000000008a200000, 0x000000008a200000|100%| E|CS|TAMS 0x000000008a100000, 0x000000008a100000| Complete 
| 108|0x000000008a200000, 0x000000008a300000, 0x000000008a300000|100%| E|CS|TAMS 0x000000008a200000, 0x000000008a200000| Complete 
| 109|0x000000008a300000, 0x000000008a400000, 0x000000008a400000|100%| E|CS|TAMS 0x000000008a300000, 0x000000008a300000| Complete 
| 125|0x000000008b300000, 0x000000008b400000, 0x000000008b400000|100%| E|CS|TAMS 0x000000008b300000, 0x000000008b300000| Complete 

Card table byte_map: [0x0000026fb4cc0000,0x0000026fb50b0000] _byte_map_base: 0x0000026fb48a5000

Marking Bits (Prev, Next): (CMBitMap*) 0x0000026f9ddfa1c0, (CMBitMap*) 0x0000026f9ddfa200
 Prev Bits: [0x0000026fb54a0000, 0x0000026fb73c8000)
 Next Bits: [0x0000026fb73d0000, 0x0000026fb92f8000)

Polling page: 0x0000026f9bd30000

Metaspace:

Usage:
  Non-class:     43.41 MB used.
      Class:      6.99 MB used.
       Both:     50.40 MB used.

Virtual space:
  Non-class space:       48.00 MB reserved,      43.62 MB ( 91%) committed,  6 nodes.
      Class space:        1.00 GB reserved,       7.19 MB ( <1%) committed,  1 nodes.
             Both:        1.05 GB reserved,      50.81 MB (  5%) committed. 

Chunk freelists:
   Non-Class:  272.00 KB
       Class:  720.00 KB
        Both:  992.00 KB

MaxMetaspaceSize: unlimited
CompressedClassSpaceSize: 1.00 GB
Initial GC threshold: 21.00 MB
Current GC threshold: 59.00 MB
CDS: on
MetaspaceReclaimPolicy: balanced
 - commit_granule_bytes: 65536.
 - commit_granule_words: 8192.
 - virtual_space_node_default_size: 1048576.
 - enlarge_chunks_in_place: 1.
 - new_chunks_are_fully_committed: 0.
 - uncommit_free_chunks: 1.
 - use_allocation_guard: 0.
 - handle_deallocations: 1.


Internal statistics:

num_allocs_failed_limit: 6.
num_arena_births: 542.
num_arena_deaths: 0.
num_vsnodes_births: 7.
num_vsnodes_deaths: 0.
num_space_committed: 813.
num_space_uncommitted: 0.
num_chunks_returned_to_freelist: 6.
num_chunks_taken_from_freelist: 2408.
num_chunk_merges: 6.
num_chunk_splits: 1768.
num_chunks_enlarged: 1429.
num_purges: 0.
num_inconsistent_stats: 0.

CodeHeap 'non-profiled nmethods': size=120000Kb used=2540Kb max_used=2540Kb free=117459Kb
 bounds [0x0000026fad070000, 0x0000026fad2f0000, 0x0000026fb45a0000]
CodeHeap 'profiled nmethods': size=120000Kb used=8382Kb max_used=8382Kb free=111617Kb
 bounds [0x0000026fa5b40000, 0x0000026fa6370000, 0x0000026fad070000]
CodeHeap 'non-nmethods': size=5760Kb used=1314Kb max_used=1387Kb free=4445Kb
 bounds [0x0000026fa55a0000, 0x0000026fa5810000, 0x0000026fa5b40000]
 total_blobs=4730 nmethods=4085 adapters=557
 compilation: enabled
              stopped_count=0, restarted_count=0
 full_count=0

Compilation events (20 events):
Event: 6.861 Thread 0x0000026fbbd18670 4025       1       org.springframework.data.mapping.model.AbstractPersistentProperty::getSetter (5 bytes)
Event: 6.861 Thread 0x0000026fbbd18670 nmethod 4025 0x0000026fad2e7e90 code [0x0000026fad2e8020, 0x0000026fad2e80f8]
Event: 6.861 Thread 0x0000026fbbd18670 4026       1       org.springframework.data.mapping.model.AbstractPersistentProperty::getField (5 bytes)
Event: 6.861 Thread 0x0000026fbbd18670 nmethod 4026 0x0000026fad2e8190 code [0x0000026fad2e8320, 0x0000026fad2e83f8]
Event: 6.871 Thread 0x0000026fbbd18670 4027       3       java.util.stream.Streams$ConcatSpliterator::tryAdvance (54 bytes)
Event: 6.871 Thread 0x0000026fbbd18670 nmethod 4027 0x0000026fa6347410 code [0x0000026fa63475e0, 0x0000026fa63479e8]
Event: 6.875 Thread 0x0000026fbdd21400 nmethod 3990 0x0000026fad2e8490 code [0x0000026fad2e8700, 0x0000026fad2e9500]
Event: 6.875 Thread 0x0000026fbdd21400 4013       4       java.util.Optional::orElse (16 bytes)
Event: 6.875 Thread 0x0000026fbdd21400 nmethod 4013 0x0000026fad2e9b90 code [0x0000026fad2e9d00, 0x0000026fad2e9d98]
Event: 6.875 Thread 0x0000026fbdd21400 4011       4       java.lang.invoke.VarHandle::checkExactAccessMode (28 bytes)
Event: 6.884 Thread 0x0000026fbdd21400 nmethod 4011 0x0000026fad2e9e90 code [0x0000026fad2ea040, 0x0000026fad2ea708]
Event: 6.884 Thread 0x0000026fbdd21400 4008       4       org.springframework.core.annotation.TypeMappedAnnotations$MergedAnnotationFinder::doWithAnnotations (10 bytes)
Event: 6.913 Thread 0x0000026fbbd18670 4028       3       java.util.stream.ReferencePipeline::forEachWithCancel (23 bytes)
Event: 6.913 Thread 0x0000026fbbd18670 nmethod 4028 0x0000026fa6347b10 code [0x0000026fa6347ce0, 0x0000026fa6348098]
Event: 6.913 Thread 0x0000026fbbd18670 4029       3       java.util.stream.ReferencePipeline::findFirst (12 bytes)
Event: 6.913 Thread 0x0000026fbbd18670 nmethod 4029 0x0000026fa6348210 code [0x0000026fa63483c0, 0x0000026fa6348688]
Event: 6.913 Thread 0x0000026fbbd18670 4030       3       java.util.stream.FindOps$FindSink$OfRef$$Lambda$14/0x80000001d::get (8 bytes)
Event: 6.913 Thread 0x0000026fbbd18670 nmethod 4030 0x0000026fa6348790 code [0x0000026fa6348940, 0x0000026fa6348bb8]
Event: 6.913 Thread 0x0000026fbbd18670 4031       1       java.util.Collections$2::estimateSize (5 bytes)
Event: 6.913 Thread 0x0000026fbbd18670 nmethod 4031 0x0000026fad2ea990 code [0x0000026fad2eab20, 0x0000026fad2eabf8]

GC Heap History (20 events):
Event: 2.782 GC heap before
{Heap before GC invocations=2 (full 0):
 garbage-first heap   total 129024K, used 83328K [0x0000000083600000, 0x0000000100000000)
  region size 1024K, 75 young (76800K), 2 survivors (2048K)
 Metaspace       used 18956K, committed 19200K, reserved 1073152K
  class space    used 2438K, committed 2560K, reserved 1048576K
}
Event: 2.787 GC heap after
{Heap after GC invocations=3 (full 0):
 garbage-first heap   total 129024K, used 12413K [0x0000000083600000, 0x0000000100000000)
  region size 1024K, 5 young (5120K), 5 survivors (5120K)
 Metaspace       used 18956K, committed 19200K, reserved 1073152K
  class space    used 2438K, committed 2560K, reserved 1048576K
}
Event: 2.802 GC heap before
{Heap before GC invocations=3 (full 0):
 garbage-first heap   total 129024K, used 83069K [0x0000000083600000, 0x0000000100000000)
  region size 1024K, 75 young (76800K), 5 survivors (5120K)
 Metaspace       used 19069K, committed 19392K, reserved 1073152K
  class space    used 2455K, committed 2624K, reserved 1048576K
}
Event: 2.807 GC heap after
{Heap after GC invocations=4 (full 0):
 garbage-first heap   total 129024K, used 12680K [0x0000000083600000, 0x0000000100000000)
  region size 1024K, 5 young (5120K), 5 survivors (5120K)
 Metaspace       used 19069K, committed 19392K, reserved 1073152K
  class space    used 2455K, committed 2624K, reserved 1048576K
}
Event: 3.232 GC heap before
{Heap before GC invocations=4 (full 0):
 garbage-first heap   total 129024K, used 28040K [0x0000000083600000, 0x0000000100000000)
  region size 1024K, 21 young (21504K), 5 survivors (5120K)
 Metaspace       used 21237K, committed 21504K, reserved 1073152K
  class space    used 2741K, committed 2880K, reserved 1048576K
}
Event: 3.246 GC heap after
{Heap after GC invocations=5 (full 0):
 garbage-first heap   total 129024K, used 13553K [0x0000000083600000, 0x0000000100000000)
  region size 1024K, 6 young (6144K), 6 survivors (6144K)
 Metaspace       used 21237K, committed 21504K, reserved 1073152K
  class space    used 2741K, committed 2880K, reserved 1048576K
}
Event: 4.034 GC heap before
{Heap before GC invocations=6 (full 0):
 garbage-first heap   total 51200K, used 38129K [0x0000000083600000, 0x0000000100000000)
  region size 1024K, 30 young (30720K), 6 survivors (6144K)
 Metaspace       used 27615K, committed 27968K, reserved 1081344K
  class space    used 3543K, committed 3712K, reserved 1048576K
}
Event: 4.046 GC heap after
{Heap after GC invocations=7 (full 0):
 garbage-first heap   total 51200K, used 15823K [0x0000000083600000, 0x0000000100000000)
  region size 1024K, 4 young (4096K), 4 survivors (4096K)
 Metaspace       used 27615K, committed 27968K, reserved 1081344K
  class space    used 3543K, committed 3712K, reserved 1048576K
}
Event: 4.109 GC heap before
{Heap before GC invocations=7 (full 0):
 garbage-first heap   total 51200K, used 17871K [0x0000000083600000, 0x0000000100000000)
  region size 1024K, 6 young (6144K), 4 survivors (4096K)
 Metaspace       used 27918K, committed 28288K, reserved 1081344K
  class space    used 3600K, committed 3776K, reserved 1048576K
}
Event: 4.115 GC heap after
{Heap after GC invocations=8 (full 0):
 garbage-first heap   total 51200K, used 16034K [0x0000000083600000, 0x0000000100000000)
  region size 1024K, 1 young (1024K), 1 survivors (1024K)
 Metaspace       used 27918K, committed 28288K, reserved 1081344K
  class space    used 3600K, committed 3776K, reserved 1048576K
}
Event: 4.728 GC heap before
{Heap before GC invocations=8 (full 0):
 garbage-first heap   total 51200K, used 37538K [0x0000000083600000, 0x0000000100000000)
  region size 1024K, 22 young (22528K), 1 survivors (1024K)
 Metaspace       used 33206K, committed 33664K, reserved 1081344K
  class space    used 4376K, committed 4608K, reserved 1048576K
}
Event: 4.733 GC heap after
{Heap after GC invocations=9 (full 0):
 garbage-first heap   total 51200K, used 16691K [0x0000000083600000, 0x0000000100000000)
  region size 1024K, 2 young (2048K), 2 survivors (2048K)
 Metaspace       used 33206K, committed 33664K, reserved 1081344K
  class space    used 4376K, committed 4608K, reserved 1048576K
}
Event: 4.965 GC heap before
{Heap before GC invocations=9 (full 0):
 garbage-first heap   total 51200K, used 25907K [0x0000000083600000, 0x0000000100000000)
  region size 1024K, 12 young (12288K), 2 survivors (2048K)
 Metaspace       used 35583K, committed 35968K, reserved 1081344K
  class space    used 4743K, committed 4928K, reserved 1048576K
}
Event: 4.968 GC heap after
{Heap after GC invocations=10 (full 0):
 garbage-first heap   total 51200K, used 16977K [0x0000000083600000, 0x0000000100000000)
  region size 1024K, 2 young (2048K), 2 survivors (2048K)
 Metaspace       used 35583K, committed 35968K, reserved 1081344K
  class space    used 4743K, committed 4928K, reserved 1048576K
}
Event: 5.641 GC heap before
{Heap before GC invocations=11 (full 0):
 garbage-first heap   total 51200K, used 38481K [0x0000000083600000, 0x0000000100000000)
  region size 1024K, 24 young (24576K), 2 survivors (2048K)
 Metaspace       used 41798K, committed 42240K, reserved 1089536K
  class space    used 5680K, committed 5888K, reserved 1048576K
}
Event: 5.645 GC heap after
{Heap after GC invocations=12 (full 0):
 garbage-first heap   total 51200K, used 18248K [0x0000000083600000, 0x0000000100000000)
  region size 1024K, 3 young (3072K), 3 survivors (3072K)
 Metaspace       used 41798K, committed 42240K, reserved 1089536K
  class space    used 5680K, committed 5888K, reserved 1048576K
}
Event: 5.693 GC heap before
{Heap before GC invocations=12 (full 0):
 garbage-first heap   total 51200K, used 19272K [0x0000000083600000, 0x0000000100000000)
  region size 1024K, 4 young (4096K), 3 survivors (3072K)
 Metaspace       used 42467K, committed 42880K, reserved 1089536K
  class space    used 5738K, committed 5952K, reserved 1048576K
}
Event: 5.697 GC heap after
{Heap after GC invocations=13 (full 0):
 garbage-first heap   total 51200K, used 17977K [0x0000000083600000, 0x0000000100000000)
  region size 1024K, 1 young (1024K), 1 survivors (1024K)
 Metaspace       used 42467K, committed 42880K, reserved 1089536K
  class space    used 5738K, committed 5952K, reserved 1048576K
}
Event: 6.322 GC heap before
{Heap before GC invocations=13 (full 0):
 garbage-first heap   total 51200K, used 39481K [0x0000000083600000, 0x0000000100000000)
  region size 1024K, 22 young (22528K), 1 survivors (1024K)
 Metaspace       used 47481K, committed 47936K, reserved 1097728K
  class space    used 6592K, committed 6784K, reserved 1048576K
}
Event: 6.325 GC heap after
{Heap after GC invocations=14 (full 0):
 garbage-first heap   total 102400K, used 18439K [0x0000000083600000, 0x0000000100000000)
  region size 1024K, 1 young (1024K), 1 survivors (1024K)
 Metaspace       used 47481K, committed 47936K, reserved 1097728K
  class space    used 6592K, committed 6784K, reserved 1048576K
}

Deoptimization events (20 events):
Event: 6.844 Thread 0x0000026f9ddbc650 Uncommon trap: trap_request=0xffffffde fr.pc=0x0000026fad2bb9a4 relative=0x00000000000002e4
Event: 6.844 Thread 0x0000026f9ddbc650 Uncommon trap: reason=class_check action=maybe_recompile pc=0x0000026fad2bb9a4 method=org.springframework.util.ConcurrentReferenceHashMap.get(Ljava/lang/Object;)Ljava/lang/Object; @ 14 c2
Event: 6.844 Thread 0x0000026f9ddbc650 DEOPT PACKING pc=0x0000026fad2bb9a4 sp=0x000000f18a7fb600
Event: 6.844 Thread 0x0000026f9ddbc650 DEOPT UNPACKING pc=0x0000026fa55f23a3 sp=0x000000f18a7fb558 mode 2
Event: 6.844 Thread 0x0000026f9ddbc650 Uncommon trap: trap_request=0xffffffde fr.pc=0x0000026fad2d196c relative=0x0000000000000a0c
Event: 6.844 Thread 0x0000026f9ddbc650 Uncommon trap: reason=class_check action=maybe_recompile pc=0x0000026fad2d196c method=org.springframework.util.ConcurrentReferenceHashMap$Segment.findInChain(Lorg/springframework/util/ConcurrentReferenceHashMap$Reference;Ljava/lang/Object;I)Lorg/springfra
Event: 6.844 Thread 0x0000026f9ddbc650 DEOPT PACKING pc=0x0000026fad2d196c sp=0x000000f18a7fb580
Event: 6.844 Thread 0x0000026f9ddbc650 DEOPT UNPACKING pc=0x0000026fa55f23a3 sp=0x000000f18a7fb4a8 mode 2
Event: 6.844 Thread 0x0000026f9ddbc650 Uncommon trap: trap_request=0xffffffde fr.pc=0x0000026fad2bb9a4 relative=0x00000000000002e4
Event: 6.844 Thread 0x0000026f9ddbc650 Uncommon trap: reason=class_check action=maybe_recompile pc=0x0000026fad2bb9a4 method=org.springframework.util.ConcurrentReferenceHashMap.get(Ljava/lang/Object;)Ljava/lang/Object; @ 14 c2
Event: 6.844 Thread 0x0000026f9ddbc650 DEOPT PACKING pc=0x0000026fad2bb9a4 sp=0x000000f18a7fb600
Event: 6.844 Thread 0x0000026f9ddbc650 DEOPT UNPACKING pc=0x0000026fa55f23a3 sp=0x000000f18a7fb558 mode 2
Event: 6.847 Thread 0x0000026f9ddbc650 Uncommon trap: trap_request=0xffffffde fr.pc=0x0000026fad2cd290 relative=0x0000000000000550
Event: 6.847 Thread 0x0000026f9ddbc650 Uncommon trap: reason=class_check action=maybe_recompile pc=0x0000026fad2cd290 method=org.springframework.util.ConcurrentReferenceHashMap$Segment.findInChain(Lorg/springframework/util/ConcurrentReferenceHashMap$Reference;Ljava/lang/Object;I)Lorg/springfra
Event: 6.847 Thread 0x0000026f9ddbc650 DEOPT PACKING pc=0x0000026fad2cd290 sp=0x000000f18a7fb470
Event: 6.847 Thread 0x0000026f9ddbc650 DEOPT UNPACKING pc=0x0000026fa55f23a3 sp=0x000000f18a7fb428 mode 2
Event: 6.847 Thread 0x0000026f9ddbc650 Uncommon trap: trap_request=0xffffffde fr.pc=0x0000026fad2c2b68 relative=0x0000000000000228
Event: 6.847 Thread 0x0000026f9ddbc650 Uncommon trap: reason=class_check action=maybe_recompile pc=0x0000026fad2c2b68 method=org.springframework.util.ConcurrentReferenceHashMap.get(Ljava/lang/Object;)Ljava/lang/Object; @ 14 c2
Event: 6.847 Thread 0x0000026f9ddbc650 DEOPT PACKING pc=0x0000026fad2c2b68 sp=0x000000f18a7fb590
Event: 6.847 Thread 0x0000026f9ddbc650 DEOPT UNPACKING pc=0x0000026fa55f23a3 sp=0x000000f18a7fb550 mode 2

Classes unloaded (0 events):
No events

Classes redefined (0 events):
No events

Internal exceptions (20 events):
Event: 6.130 Thread 0x0000026f9ddbc650 Exception <a 'java/lang/NoSuchMethodError'{0x00000000858a9d58}: 'void java.lang.invoke.DirectMethodHandle$Holder.invokeStaticInit(java.lang.Object, int, java.lang.Object, java.lang.Object, java.lang.Object, java.lang.Object)'> (0x00000000858a9d58) 
thrown [t:\workspace\open\src\hotspot\share\interpreter\linkResolver.cpp, line 766]
Event: 6.179 Thread 0x0000026f9ddbc650 Exception <a 'java/lang/NoSuchMethodError'{0x0000000085659378}: 'void java.lang.invoke.DirectMethodHandle$Holder.invokeStatic(java.lang.Object, java.lang.Object, java.lang.Object, int, java.lang.Object)'> (0x0000000085659378) 
thrown [t:\workspace\open\src\hotspot\share\interpreter\linkResolver.cpp, line 766]
Event: 6.180 Thread 0x0000026f9ddbc650 Exception <a 'java/lang/NoSuchMethodError'{0x0000000085667418}: 'void java.lang.invoke.DirectMethodHandle$Holder.invokeInterface(java.lang.Object, java.lang.Object, int, java.lang.Object)'> (0x0000000085667418) 
thrown [t:\workspace\open\src\hotspot\share\interpreter\linkResolver.cpp, line 766]
Event: 6.184 Thread 0x0000026f9ddbc650 Exception <a 'java/lang/NoSuchMethodError'{0x00000000856912c8}: 'java.lang.Object java.lang.invoke.DirectMethodHandle$Holder.newInvokeSpecial(java.lang.Object, java.lang.Object, int, java.lang.Object)'> (0x00000000856912c8) 
thrown [t:\workspace\open\src\hotspot\share\interpreter\linkResolver.cpp, line 766]
Event: 6.184 Thread 0x0000026f9ddbc650 Exception <a 'java/lang/NoSuchMethodError'{0x0000000085695688}: 'java.lang.Object java.lang.invoke.Invokers$Holder.linkToTargetMethod(java.lang.Object, int, java.lang.Object, java.lang.Object)'> (0x0000000085695688) 
thrown [t:\workspace\open\src\hotspot\share\interpreter\linkResolver.cpp, line 766]
Event: 6.232 Thread 0x0000026f9ddbc650 Exception <a 'java/lang/NoSuchMethodError'{0x0000000085482cc0}: 'int java.lang.invoke.DirectMethodHandle$Holder.invokeStatic(java.lang.Object, int, java.lang.Object)'> (0x0000000085482cc0) 
thrown [t:\workspace\open\src\hotspot\share\interpreter\linkResolver.cpp, line 766]
Event: 6.238 Thread 0x0000026f9ddbc650 Exception <a 'java/lang/NoSuchMethodError'{0x00000000854a4c38}: 'java.lang.Object java.lang.invoke.DirectMethodHandle$Holder.newInvokeSpecial(java.lang.Object, java.lang.Object, java.lang.Object, java.lang.Object, java.lang.Object, int, java.lang.Object)'> (0x00000000854a4c38) 
thrown [t:\workspace\open\src\hotspot\share\interpreter\linkResolver.cpp, line 766]
Event: 6.253 Thread 0x0000026f9ddbc650 Exception <a 'java/lang/NoSuchMethodError'{0x0000000085310518}: 'java.lang.Object java.lang.invoke.DirectMethodHandle$Holder.newInvokeSpecial(java.lang.Object, java.lang.Object, java.lang.Object, java.lang.Object, java.lang.Object, java.lang.Object, java.lang.Object, java.lang.Object, java.lang.Object, java.lang.Object, java.lang.Object)'> (0x0000000085310518) 
thrown [t:\workspace\open\src\hotspot\share\interpreter\linkResolver.cpp, line 766]
Event: 6.256 Thread 0x0000026f9ddbc650 Exception <a 'java/lang/NoSuchMethodError'{0x0000000085315a20}: 'java.lang.Object java.lang.invoke.DirectMethodHandle$Holder.invokeSpecial(java.lang.Object, java.lang.Object, java.lang.Object, java.lang.Object, java.lang.Object, java.lang.Object, java.lang.Object, java.lang.Object, java.lang.Object, java.lang.Object, java.lang.Object, java.lang.Object)'> (0x0000000085315a20) 
thrown [t:\workspace\open\src\hotspot\share\interpreter\linkResolver.cpp, line 766]
Event: 6.257 Thread 0x0000026f9ddbc650 Exception <a 'java/lang/NoSuchMethodError'{0x000000008531a7b8}: 'java.lang.Object java.lang.invoke.Invokers$Holder.linkToTargetMethod(java.lang.Object, java.lang.Object, java.lang.Object, java.lang.Object, java.lang.Object, java.lang.Object, java.lang.Object, java.lang.Object, java.lang.Object, java.lang.Object, java.lang.Object)'> (0x000000008531a7b8) 
thrown [t:\workspace\open\src\hotspot\share\interpreter\linkResolver.cpp, line 766]
Event: 6.321 Thread 0x0000026f9ddbc650 Exception <a 'java/lang/NoSuchMethodError'{0x00000000852ef2d0}: 'java.lang.Object java.lang.invoke.DirectMethodHandle$Holder.newInvokeSpecial(java.lang.Object, java.lang.Object, int, java.lang.Object, int, java.lang.Object, java.lang.Object)'> (0x00000000852ef2d0) 
thrown [t:\workspace\open\src\hotspot\share\interpreter\linkResolver.cpp, line 766]
Event: 6.329 Thread 0x0000026f9ddbc650 Exception <a 'java/lang/NoSuchMethodError'{0x000000008b337750}: 'java.lang.Object java.lang.invoke.DirectMethodHandle$Holder.newInvokeSpecial(java.lang.Object, java.lang.Object, java.lang.Object, java.lang.Object, java.lang.Object, java.lang.Object, java.lang.Object, int)'> (0x000000008b337750) 
thrown [t:\workspace\open\src\hotspot\share\interpreter\linkResolver.cpp, line 766]
Event: 6.330 Thread 0x0000026f9ddbc650 Exception <a 'java/lang/NoSuchMethodError'{0x000000008b33cf40}: 'java.lang.Object java.lang.invoke.DirectMethodHandle$Holder.invokeSpecial(java.lang.Object, java.lang.Object, java.lang.Object, java.lang.Object, java.lang.Object, java.lang.Object, java.lang.Object, java.lang.Object, int)'> (0x000000008b33cf40) 
thrown [t:\workspace\open\src\hotspot\share\interpreter\linkResolver.cpp, line 766]
Event: 6.330 Thread 0x0000026f9ddbc650 Exception <a 'java/lang/NoSuchMethodError'{0x000000008b342200}: 'java.lang.Object java.lang.invoke.Invokers$Holder.linkToTargetMethod(java.lang.Object, java.lang.Object, java.lang.Object, java.lang.Object, java.lang.Object, java.lang.Object, int, java.lang.Object)'> (0x000000008b342200) 
thrown [t:\workspace\open\src\hotspot\share\interpreter\linkResolver.cpp, line 766]
Event: 6.554 Thread 0x0000026f9ddbc650 Exception <a 'java/lang/IncompatibleClassChangeError'{0x0000000088f3e0b0}: Found class java.lang.Object, but interface was expected> (0x0000000088f3e0b0) 
thrown [t:\workspace\open\src\hotspot\share\interpreter\linkResolver.cpp, line 833]
Event: 6.561 Thread 0x0000026f9ddbc650 Implicit null exception at 0x0000026fad200b40 to 0x0000026fad200d4c
Event: 6.594 Thread 0x0000026f9ddbc650 Exception <a 'java/lang/IncompatibleClassChangeError'{0x0000000088ecd718}: Found class java.lang.Object, but interface was expected> (0x0000000088ecd718) 
thrown [t:\workspace\open\src\hotspot\share\interpreter\linkResolver.cpp, line 833]
Event: 6.681 Thread 0x0000026f9ddbc650 Exception <a 'java/lang/IncompatibleClassChangeError'{0x0000000088c3dce0}: Found class java.lang.Object, but interface was expected> (0x0000000088c3dce0) 
thrown [t:\workspace\open\src\hotspot\share\interpreter\linkResolver.cpp, line 833]
Event: 6.697 Thread 0x0000026f9ddbc650 Exception <a 'java/lang/NoSuchMethodError'{0x0000000088c98f58}: 'java.lang.Object java.lang.invoke.DirectMethodHandle$Holder.invokeSpecialIFC(java.lang.Object, java.lang.Object, java.lang.Object)'> (0x0000000088c98f58) 
thrown [t:\workspace\open\src\hotspot\share\interpreter\linkResolver.cpp, line 766]
Event: 6.912 Thread 0x0000026f9ddbc650 Exception <a 'java/lang/IncompatibleClassChangeError'{0x00000000886c7d30}: Found class java.lang.Object, but interface was expected> (0x00000000886c7d30) 
thrown [t:\workspace\open\src\hotspot\share\interpreter\linkResolver.cpp, line 833]

VM Operations (20 events):
Event: 5.640 Executing VM operation: G1CollectForAllocation
Event: 5.645 Executing VM operation: G1CollectForAllocation done
Event: 5.692 Executing VM operation: G1CollectForAllocation
Event: 5.698 Executing VM operation: G1CollectForAllocation done
Event: 5.996 Executing VM operation: HandshakeAllThreads
Event: 5.996 Executing VM operation: HandshakeAllThreads done
Event: 6.166 Executing VM operation: ICBufferFull
Event: 6.166 Executing VM operation: ICBufferFull done
Event: 6.322 Executing VM operation: G1CollectForAllocation
Event: 6.325 Executing VM operation: G1CollectForAllocation done
Event: 6.493 Executing VM operation: HandshakeAllThreads
Event: 6.493 Executing VM operation: HandshakeAllThreads done
Event: 6.503 Executing VM operation: HandshakeAllThreads
Event: 6.503 Executing VM operation: HandshakeAllThreads done
Event: 6.575 Executing VM operation: HandshakeAllThreads
Event: 6.575 Executing VM operation: HandshakeAllThreads done
Event: 6.678 Executing VM operation: ICBufferFull
Event: 6.678 Executing VM operation: ICBufferFull done
Event: 6.836 Executing VM operation: HandshakeAllThreads
Event: 6.836 Executing VM operation: HandshakeAllThreads done

Events (20 events):
Event: 6.520 loading class sun/reflect/generics/reflectiveObjects/GenericArrayTypeImpl done
Event: 6.552 loading class java/util/concurrent/ConcurrentHashMap$TreeNode
Event: 6.553 loading class java/util/concurrent/ConcurrentHashMap$TreeNode done
Event: 6.553 loading class java/util/concurrent/ConcurrentHashMap$TreeBin
Event: 6.553 loading class java/util/concurrent/ConcurrentHashMap$TreeBin done
Event: 6.564 Thread 0x0000026fbdd21400 Thread added: 0x0000026fbdd21400
Event: 6.586 loading class java/lang/SafeVarargs
Event: 6.586 loading class java/lang/SafeVarargs done
Event: 6.761 loading class java/util/concurrent/atomic/Striped64$1
Event: 6.761 loading class java/util/concurrent/atomic/Striped64$1 done
Event: 6.851 loading class java/util/WeakHashMap$KeyIterator
Event: 6.852 loading class java/util/WeakHashMap$HashIterator
Event: 6.852 loading class java/util/WeakHashMap$HashIterator done
Event: 6.852 loading class java/util/WeakHashMap$KeyIterator done
Event: 6.852 loading class java/util/WeakHashMap$EntrySet
Event: 6.852 loading class java/util/WeakHashMap$EntrySet done
Event: 6.853 loading class java/util/WeakHashMap$EntryIterator
Event: 6.853 loading class java/util/WeakHashMap$EntryIterator done
Event: 6.927 loading class java/lang/Package$1PackageInfoProxy
Event: 6.927 loading class java/lang/Package$1PackageInfoProxy done


Dynamic libraries:
0x00007ff68c580000 - 0x00007ff68c58e000 	C:\Program Files\Java\jdk-17\bin\java.exe
0x00007ffeb0570000 - 0x00007ffeb0784000 	C:\WINDOWS\SYSTEM32\ntdll.dll
0x00007ffeae850000 - 0x00007ffeae914000 	C:\WINDOWS\System32\KERNEL32.DLL
0x00007ffeadd10000 - 0x00007ffeae0b4000 	C:\WINDOWS\System32\KERNELBASE.dll
0x00007ffeae140000 - 0x00007ffeae251000 	C:\WINDOWS\System32\ucrtbase.dll
0x00007ffea5340000 - 0x00007ffea535a000 	C:\Program Files\Java\jdk-17\bin\VCRUNTIME140.dll
0x00007ffea53e0000 - 0x00007ffea53f8000 	C:\Program Files\Java\jdk-17\bin\jli.dll
0x00007ffeb02d0000 - 0x00007ffeb047e000 	C:\WINDOWS\System32\USER32.dll
0x00007ffead920000 - 0x00007ffead946000 	C:\WINDOWS\System32\win32u.dll
0x00007ffeaed50000 - 0x00007ffeaed79000 	C:\WINDOWS\System32\GDI32.dll
0x00007ffeadb80000 - 0x00007ffeadc98000 	C:\WINDOWS\System32\gdi32full.dll
0x00007ffeae260000 - 0x00007ffeae2fa000 	C:\WINDOWS\System32\msvcp_win.dll
0x00007ffe8ae90000 - 0x00007ffe8b123000 	C:\WINDOWS\WinSxS\amd64_microsoft.windows.common-controls_6595b64144ccf1df_6.0.22621.2215_none_270d72677387dfc3\COMCTL32.dll
0x00007ffeb0480000 - 0x00007ffeb0527000 	C:\WINDOWS\System32\msvcrt.dll
0x00007ffeaed10000 - 0x00007ffeaed41000 	C:\WINDOWS\System32\IMM32.DLL
0x00007ffea5330000 - 0x00007ffea533c000 	C:\Program Files\Java\jdk-17\bin\vcruntime140_1.dll
0x00007ffe8c420000 - 0x00007ffe8c4ad000 	C:\Program Files\Java\jdk-17\bin\msvcp140.dll
0x00007ffe6ab60000 - 0x00007ffe6b71e000 	C:\Program Files\Java\jdk-17\bin\server\jvm.dll
0x00007ffeaf400000 - 0x00007ffeaf4b0000 	C:\WINDOWS\System32\ADVAPI32.dll
0x00007ffeaec60000 - 0x00007ffeaed06000 	C:\WINDOWS\System32\sechost.dll
0x00007ffeaf8a0000 - 0x00007ffeaf9b7000 	C:\WINDOWS\System32\RPCRT4.dll
0x00007ffeafa20000 - 0x00007ffeafa28000 	C:\WINDOWS\System32\PSAPI.DLL
0x00007ffea6f80000 - 0x00007ffea6f89000 	C:\WINDOWS\SYSTEM32\WSOCK32.dll
0x00007ffea4730000 - 0x00007ffea473a000 	C:\WINDOWS\SYSTEM32\VERSION.dll
0x00007ffeaf230000 - 0x00007ffeaf2a1000 	C:\WINDOWS\System32\WS2_32.dll
0x00007ffe9cf40000 - 0x00007ffe9cf74000 	C:\WINDOWS\SYSTEM32\WINMM.dll
0x00007ffeaca60000 - 0x00007ffeaca78000 	C:\WINDOWS\SYSTEM32\kernel.appcore.dll
0x00007ffea3770000 - 0x00007ffea377a000 	C:\Program Files\Java\jdk-17\bin\jimage.dll
0x00007ffea8000000 - 0x00007ffea822e000 	C:\WINDOWS\SYSTEM32\DBGHELP.DLL
0x00007ffeaf510000 - 0x00007ffeaf89a000 	C:\WINDOWS\System32\combase.dll
0x00007ffeaed80000 - 0x00007ffeaee57000 	C:\WINDOWS\System32\OLEAUT32.dll
0x00007ffea5860000 - 0x00007ffea5892000 	C:\WINDOWS\SYSTEM32\dbgcore.DLL
0x00007ffeae0c0000 - 0x00007ffeae13a000 	C:\WINDOWS\System32\bcryptPrimitives.dll
0x00007ffea5760000 - 0x00007ffea576e000 	C:\Program Files\Java\jdk-17\bin\instrument.dll
0x00007ffe9d9e0000 - 0x00007ffe9da05000 	C:\Program Files\Java\jdk-17\bin\java.dll
0x00007ffe8c220000 - 0x00007ffe8c2f6000 	C:\Program Files\Java\jdk-17\bin\svml.dll
0x00007ffeafaa0000 - 0x00007ffeb02c3000 	C:\WINDOWS\System32\SHELL32.dll
0x00007ffeab8c0000 - 0x00007ffeac1aa000 	C:\WINDOWS\SYSTEM32\windows.storage.dll
0x00007ffeab780000 - 0x00007ffeab8be000 	C:\WINDOWS\SYSTEM32\wintypes.dll
0x00007ffeaef60000 - 0x00007ffeaf053000 	C:\WINDOWS\System32\SHCORE.dll
0x00007ffeaf4b0000 - 0x00007ffeaf50e000 	C:\WINDOWS\System32\shlwapi.dll
0x00007ffead850000 - 0x00007ffead876000 	C:\WINDOWS\SYSTEM32\profapi.dll
0x00007ffe97ac0000 - 0x00007ffe97ad8000 	C:\Program Files\Java\jdk-17\bin\zip.dll
0x00007ffe9d5e0000 - 0x00007ffe9d5f9000 	C:\Program Files\Java\jdk-17\bin\net.dll
0x00007ffe9e420000 - 0x00007ffe9e557000 	C:\WINDOWS\SYSTEM32\WINHTTP.dll
0x00007ffeacee0000 - 0x00007ffeacf49000 	C:\WINDOWS\system32\mswsock.dll
0x00007ffe97ae0000 - 0x00007ffe97af5000 	C:\Program Files\Java\jdk-17\bin\nio.dll
0x00007ffea37f0000 - 0x00007ffea380a000 	C:\Program Files\JetBrains\IntelliJ IDEA Community Edition 2023.2.5\bin\breakgen64.dll
0x00007ffead130000 - 0x00007ffead14b000 	C:\WINDOWS\SYSTEM32\CRYPTSP.dll
0x00007ffeac9d0000 - 0x00007ffeaca05000 	C:\WINDOWS\system32\rsaenh.dll
0x00007ffeacfd0000 - 0x00007ffeacffc000 	C:\WINDOWS\SYSTEM32\USERENV.dll
0x00007ffead2d0000 - 0x00007ffead2f8000 	C:\WINDOWS\SYSTEM32\bcrypt.dll
0x00007ffead150000 - 0x00007ffead15c000 	C:\WINDOWS\SYSTEM32\CRYPTBASE.dll
0x00007ffeac480000 - 0x00007ffeac4ad000 	C:\WINDOWS\SYSTEM32\IPHLPAPI.DLL
0x00007ffeaf220000 - 0x00007ffeaf229000 	C:\WINDOWS\System32\NSI.dll
0x00007ffe9cc10000 - 0x00007ffe9cc29000 	C:\WINDOWS\SYSTEM32\dhcpcsvc6.DLL
0x00007ffe9cb40000 - 0x00007ffe9cb5f000 	C:\WINDOWS\SYSTEM32\dhcpcsvc.DLL
0x00007ffeac4f0000 - 0x00007ffeac5e2000 	C:\WINDOWS\SYSTEM32\DNSAPI.dll
0x00007ffe9d9d0000 - 0x00007ffe9d9e0000 	C:\Program Files\Java\jdk-17\bin\verify.dll

dbghelp: loaded successfully - version: 4.0.5 - missing functions: none
symbol engine: initialized successfully - sym options: 0x614 - pdb path: .;C:\Program Files\Java\jdk-17\bin;C:\WINDOWS\SYSTEM32;C:\WINDOWS\WinSxS\amd64_microsoft.windows.common-controls_6595b64144ccf1df_6.0.22621.2215_none_270d72677387dfc3;C:\Program Files\Java\jdk-17\bin\server;C:\Program Files\JetBrains\IntelliJ IDEA Community Edition 2023.2.5\bin

VM Arguments:
jvm_args: -ea -Didea.test.cyclic.buffer.size=1048576 -javaagent:C:\Program Files\JetBrains\IntelliJ IDEA Community Edition 2023.2.5\lib\idea_rt.jar=58637:C:\Program Files\JetBrains\IntelliJ IDEA Community Edition 2023.2.5\bin -Dfile.encoding=UTF-8 
java_command: com.intellij.rt.junit.JUnitStarter -ideVersion5 -junit5 com.pokemonreview.api.repository.PokemonRepositoryTests,PokemonRepository_UpdatePokemon_ReturnPokemonNotNull
java_class_path (initial): C:\Users\Samsung\.m2\repository\org\junit\platform\junit-platform-launcher\1.9.3\junit-platform-launcher-1.9.3.jar;C:\Program Files\JetBrains\IntelliJ IDEA Community Edition 2023.2.5\lib\idea_rt.jar;C:\Program Files\JetBrains\IntelliJ IDEA Community Edition 2023.2.5\plugins\junit\lib\junit5-rt.jar;C:\Program Files\JetBrains\IntelliJ IDEA Community Edition 2023.2.5\plugins\junit\lib\junit-rt.jar;C:\study\PokemonReview-Api\target\test-classes;C:\study\PokemonReview-Api\target\classes;C:\Users\Samsung\.m2\repository\org\springframework\boot\spring-boot-starter-data-jpa\3.1.5\spring-boot-starter-data-jpa-3.1.5.jar;C:\Users\Samsung\.m2\repository\org\springframework\boot\spring-boot-starter-aop\3.1.5\spring-boot-starter-aop-3.1.5.jar;C:\Users\Samsung\.m2\repository\org\springframework\spring-aop\6.0.13\spring-aop-6.0.13.jar;C:\Users\Samsung\.m2\repository\org\aspectj\aspectjweaver\1.9.20\aspectjweaver-1.9.20.jar;C:\Users\Samsung\.m2\repository\org\springframework\boot\spring-boot-starter-jdbc\3.1.5\spring-boot-starter-jdbc-3.1.5.jar;C:\Users\Samsung\.m2\repository\com\zaxxer\HikariCP\5.0.1\HikariCP-5.0.1.jar;C:\Users\Samsung\.m2\repository\org\springframework\spring-jdbc\6.0.13\spring-jdbc-6.0.13.jar;C:\Users\Samsung\.m2\repository\org\hibernate\orm\hibernate-core\6.2.13.Final\hibernate-core-6.2.13.Final.jar;C:\Users\Samsung\.m2\repository\jakarta\persistence\jakarta.persistence-api\3.1.0\jakarta.persistence-api-3.1.0.jar;C:\Users\Samsung\.m2\repository\jakarta\transaction\jakarta.transaction-api\2.0.1\jakarta.transaction-api-2.0.1.jar;C:\Users\Samsung\.m2\repository\org\jboss\logging\jboss-logging\3.5.3.Final\jboss-logging-3.5.3.Final.jar;C:\Users\Samsung\.m2\repository\org\hibernate\common\hibernate-commons-annotations\6.0.6.Final\hibernate-commons-annotations-6.0.6.Final.jar;C:\Users\Samsung\.m2\repository\io\smallrye\jandex\3.0.5\jandex-3.0.5.jar;C:\Users\Samsung\.m2\repository\com\fasterxml\classmate\1.5.1\classmate-1.5.1.jar;C:\Users\Sa
Launcher Type: SUN_STANDARD

[Global flags]
     intx CICompilerCount                          = 4                                         {product} {ergonomic}
     uint ConcGCThreads                            = 2                                         {product} {ergonomic}
     uint G1ConcRefinementThreads                  = 8                                         {product} {ergonomic}
   size_t G1HeapRegionSize                         = 1048576                                   {product} {ergonomic}
    uintx GCDrainStackTargetSize                   = 64                                        {product} {ergonomic}
   size_t InitialHeapSize                          = 132120576                                 {product} {ergonomic}
   size_t MarkStackSize                            = 4194304                                   {product} {ergonomic}
   size_t MaxHeapSize                              = 2090860544                                {product} {ergonomic}
   size_t MaxNewSize                               = 1254096896                                {product} {ergonomic}
   size_t MinHeapDeltaBytes                        = 1048576                                   {product} {ergonomic}
   size_t MinHeapSize                              = 8388608                                   {product} {ergonomic}
    uintx NonNMethodCodeHeapSize                   = 5839372                                {pd product} {ergonomic}
    uintx NonProfiledCodeHeapSize                  = 122909434                              {pd product} {ergonomic}
    uintx ProfiledCodeHeapSize                     = 122909434                              {pd product} {ergonomic}
    uintx ReservedCodeCacheSize                    = 251658240                              {pd product} {ergonomic}
     bool SegmentedCodeCache                       = true                                      {product} {ergonomic}
   size_t SoftMaxHeapSize                          = 2090860544                             {manageable} {ergonomic}
     bool UseCompressedClassPointers               = true                           {product lp64_product} {ergonomic}
     bool UseCompressedOops                        = true                           {product lp64_product} {ergonomic}
     bool UseG1GC                                  = true                                      {product} {ergonomic}
     bool UseLargePagesIndividualAllocation        = false                                  {pd product} {ergonomic}

Logging:
Log output configuration:
 #0: stdout all=warning uptime,level,tags
 #1: stderr all=off uptime,level,tags

Environment Variables:
JAVA_HOME=C:\Program Files\Java\jdk-11.0.14
PATH=C:\app\Samsung\product\21c\dbhomeXE\bin;C:\Program Files\Java\jdk-11.0.14\bin;C:\Program Files\MariaDB 10.11\bin;C:\Program Files\Common Files\Oracle\Java\javapath;C:\Program Files (x86)\Common Files\Oracle\Java\javapath;C:\WINDOWS\System32\WindowsPowerShell\v1.0\;C:\WINDOWS\system32;C:\WINDOWS;C:\WINDOWS\System32\Wbem;C:\WINDOWS\System32\OpenSSH\;C:\Program Files\MySQL\MySQL Server 8.0\bin;%MYSQL_HOME%\bin;C:\Program Files\GTK3-Runtime Win64\bin;C:\Program Files\Git\cmd;C:\Program Files\Git\bin;C:\Program Files\nodejs\;C:\Program Files\Docker\Docker\resources\bin;C:\Program Files\MySQL\MySQL Shell 8.0\bin\;C:\Users\Samsung\AppData\Local\Microsoft\WindowsApps;C:\Program Files\Bandizip\;%IntelliJ IDEA%;C:\Program Files\heroku\bin;C:\Users\Samsung\AppData\Local\GitHubDesktop\bin;C:\Program Files\JetBrains\IntelliJ IDEA Community Edition 2022.2.3\bin;;C:\Users\Samsung\AppData\Roaming\npm;C:\Users\Samsung\AppData\Local\Programs\Microsoft VS Code\bin
USERNAME=Samsung
OS=Windows_NT
PROCESSOR_IDENTIFIER=Intel64 Family 6 Model 142 Stepping 12, GenuineIntel



---------------  S Y S T E M  ---------------

OS:
 Windows 10 , 64 bit Build 22621 (10.0.22621.2215)
OS uptime: 0 days 5:27 hours

CPU: total 8 (initial active 8) (4 cores per cpu, 2 threads per core) family 6 model 142 stepping 12 microcode 0xde, cx8, cmov, fxsr, ht, mmx, 3dnowpref, sse, sse2, sse3, ssse3, sse4.1, sse4.2, popcnt, lzcnt, tsc, tscinvbit, avx, avx2, aes, erms, clmul, bmi1, bmi2, adx, fma, vzeroupper, clflush, clflushopt

Memory: 4k page, system-wide physical 7973M (598M free)
TotalPageFile size 12069M (AvailPageFile size 6M)
current process WorkingSet (physical memory assigned to process): 228M, peak: 228M
current process commit charge ("private bytes"): 301M, peak: 302M

vm_info: OpenJDK 64-Bit Server VM (17+35-2724) for windows-amd64 JRE (17+35-2724), built on Aug  5 2021 23:26:02 by "mach5one" with MS VC++ 16.8 (VS2019)

END.
