#
# There is insufficient memory for the Java Runtime Environment to continue.
# Native memory allocation (malloc) failed to allocate 1727280 bytes for Chunk::new
# Possible reasons:
#   The system is out of physical RAM or swap space
#   The process is running with CompressedOops enabled, and the Java Heap may be blocking the growth of the native heap
# Possible solutions:
#   Reduce memory load on the system
#   Increase physical memory or swap space
#   Check if swap backing store is full
#   Decrease Java heap size (-Xmx/-Xms)
#   Decrease number of Java threads
#   Decrease Java thread stack sizes (-Xss)
#   Set larger code cache with -XX:ReservedCodeCacheSize=
#   JVM is running with Unscaled Compressed Oops mode in which the Java heap is
#     placed in the first 4GB address space. The Java Heap base address is the
#     maximum limit for the native heap growth. Please use -XX:HeapBaseMinAddress
#     to set the Java Heap base and to place the Java Heap above 4GB virtual address.
# This output file may be truncated or incomplete.
#
#  Out of Memory Error (arena.cpp:189), pid=12340, tid=23704
#
# JRE version: OpenJDK Runtime Environment (17.0+35) (build 17+35-2724)
# Java VM: OpenJDK 64-Bit Server VM (17+35-2724, mixed mode, sharing, tiered, compressed oops, compressed class ptrs, g1 gc, windows-amd64)
# No core dump will be written. Minidumps are not enabled by default on client versions of Windows
#

---------------  S U M M A R Y ------------

Command Line: -ea -Didea.test.cyclic.buffer.size=1048576 -javaagent:C:\Program Files\JetBrains\IntelliJ IDEA Community Edition 2023.2.5\lib\idea_rt.jar=58645:C:\Program Files\JetBrains\IntelliJ IDEA Community Edition 2023.2.5\bin -Dfile.encoding=UTF-8 com.intellij.rt.junit.JUnitStarter -ideVersion5 -junit5 com.pokemonreview.api.repository.PokemonRepositoryTests,PokemonRepository_UpdatePokemon_ReturnPokemonNotNull

Host: Intel(R) Core(TM) i5-10210U CPU @ 1.60GHz, 8 cores, 7G,  Windows 10 , 64 bit Build 22621 (10.0.22621.2215)
Time: Mon Nov 20 16:06:49 2023  Windows 10 , 64 bit Build 22621 (10.0.22621.2215) elapsed time: 8.976047 seconds (0d 0h 0m 8s)

---------------  T H R E A D  ---------------

Current thread (0x0000022a86d584a0):  JavaThread "C2 CompilerThread1" daemon [_thread_in_native, id=23704, stack(0x0000005080e00000,0x0000005080f00000)]


Current CompileTask:
C2:   8976 4139   !   4       org.springframework.core.annotation.AnnotationsScanner::processMethodHierarchy (276 bytes)

Stack: [0x0000005080e00000,0x0000005080f00000]
Native frames: (J=compiled Java code, j=interpreted, Vv=VM code, C=native code)
V  [jvm.dll+0x66f8ea]
V  [jvm.dll+0x7ce224]
V  [jvm.dll+0x7cf9ce]
V  [jvm.dll+0x7d0033]
V  [jvm.dll+0x242bb5]
V  [jvm.dll+0xaa05b]
V  [jvm.dll+0xaa5ec]
V  [jvm.dll+0x35f9f7]
V  [jvm.dll+0x1b9a08]
V  [jvm.dll+0x215df9]
V  [jvm.dll+0x2150c1]
V  [jvm.dll+0x1a168d]
V  [jvm.dll+0x2248f8]
V  [jvm.dll+0x222a5c]
V  [jvm.dll+0x78422b]
V  [jvm.dll+0x77e7ea]
V  [jvm.dll+0x66e715]
C  [ucrtbase.dll+0x29363]
C  [KERNEL32.DLL+0x1257d]
C  [ntdll.dll+0x5aa68]


---------------  P R O C E S S  ---------------

Threads class SMR info:
_java_thread_list=0x0000022a87ff1290, length=14, elements={
0x0000022ae6a6d4d0, 0x0000022afeb36910, 0x0000022afeb374c0, 0x0000022afeb53770,
0x0000022afeb54320, 0x0000022afeb56ce0, 0x0000022afeb5ab90, 0x0000022afeb5dc90,
0x0000022afeb66690, 0x0000022afeb79070, 0x0000022afeb201a0, 0x0000022aff5b3090,
0x0000022aff5b7320, 0x0000022a86d584a0
}

Java Threads: ( => current thread )
  0x0000022ae6a6d4d0 JavaThread "main" [_thread_in_vm, id=22896, stack(0x00000050ffa00000,0x00000050ffb00000)]
  0x0000022afeb36910 JavaThread "Reference Handler" daemon [_thread_blocked, id=6472, stack(0x0000005080100000,0x0000005080200000)]
  0x0000022afeb374c0 JavaThread "Finalizer" daemon [_thread_blocked, id=8856, stack(0x0000005080200000,0x0000005080300000)]
  0x0000022afeb53770 JavaThread "Signal Dispatcher" daemon [_thread_blocked, id=10116, stack(0x0000005080300000,0x0000005080400000)]
  0x0000022afeb54320 JavaThread "Attach Listener" daemon [_thread_blocked, id=10136, stack(0x0000005080400000,0x0000005080500000)]
  0x0000022afeb56ce0 JavaThread "Service Thread" daemon [_thread_blocked, id=7268, stack(0x0000005080500000,0x0000005080600000)]
  0x0000022afeb5ab90 JavaThread "Monitor Deflation Thread" daemon [_thread_blocked, id=21288, stack(0x0000005080600000,0x0000005080700000)]
  0x0000022afeb5dc90 JavaThread "C2 CompilerThread0" daemon [_thread_in_native, id=12388, stack(0x0000005080700000,0x0000005080800000)]
  0x0000022afeb66690 JavaThread "C1 CompilerThread0" daemon [_thread_blocked, id=16380, stack(0x0000005080800000,0x0000005080900000)]
  0x0000022afeb79070 JavaThread "Sweeper thread" daemon [_thread_blocked, id=23084, stack(0x0000005080900000,0x0000005080a00000)]
  0x0000022afeb201a0 JavaThread "Common-Cleaner" daemon [_thread_blocked, id=23188, stack(0x0000005080a00000,0x0000005080b00000)]
  0x0000022aff5b3090 JavaThread "Monitor Ctrl-Break" daemon [_thread_in_native, id=23808, stack(0x0000005080b00000,0x0000005080c00000)]
  0x0000022aff5b7320 JavaThread "Notification Thread" daemon [_thread_blocked, id=13164, stack(0x0000005080c00000,0x0000005080d00000)]
=>0x0000022a86d584a0 JavaThread "C2 CompilerThread1" daemon [_thread_in_native, id=23704, stack(0x0000005080e00000,0x0000005080f00000)]

Other Threads:
  0x0000022afeb31e70 VMThread "VM Thread" [stack: 0x0000005080000000,0x0000005080100000] [id=24932]
  0x0000022aff5b3560 WatcherThread [stack: 0x0000005080d00000,0x0000005080e00000] [id=22900]
  0x0000022ae6aa9ca0 GCTaskThread "GC Thread#0" [stack: 0x00000050ffb00000,0x00000050ffc00000] [id=15816]
  0x0000022a864e3720 GCTaskThread "GC Thread#1" [stack: 0x0000005081000000,0x0000005081100000] [id=19584]
  0x0000022a864e3c80 GCTaskThread "GC Thread#2" [stack: 0x0000005081100000,0x0000005081200000] [id=16996]
  0x0000022a864e3f30 GCTaskThread "GC Thread#3" [stack: 0x0000005081200000,0x0000005081300000] [id=4472]
  0x0000022a864e4f50 GCTaskThread "GC Thread#4" [stack: 0x0000005081300000,0x0000005081400000] [id=18392]
  0x0000022a864e4ca0 GCTaskThread "GC Thread#5" [stack: 0x0000005081400000,0x0000005081500000] [id=12916]
  0x0000022a864e49f0 GCTaskThread "GC Thread#6" [stack: 0x0000005081500000,0x0000005081600000] [id=4532]
  0x0000022a864e41e0 GCTaskThread "GC Thread#7" [stack: 0x0000005081600000,0x0000005081700000] [id=9228]
  0x0000022ae6aba520 ConcurrentGCThread "G1 Main Marker" [stack: 0x00000050ffc00000,0x00000050ffd00000] [id=12028]
  0x0000022ae6abb6d0 ConcurrentGCThread "G1 Conc#0" [stack: 0x00000050ffd00000,0x00000050ffe00000] [id=24768]
  0x0000022a87aea2d0 ConcurrentGCThread "G1 Conc#1" [stack: 0x0000005081700000,0x0000005081800000] [id=9568]
  0x0000022ae6b276a0 ConcurrentGCThread "G1 Refine#0" [stack: 0x00000050ffe00000,0x00000050fff00000] [id=13216]
  0x0000022ae6b280c0 ConcurrentGCThread "G1 Service" [stack: 0x00000050fff00000,0x0000005100000000] [id=11700]

Threads with active compile tasks:
C2 CompilerThread1     9023 4139   !   4       org.springframework.core.annotation.AnnotationsScanner::processMethodHierarchy (276 bytes)

VM state: not at safepoint (normal execution)

VM Mutex/Monitor currently owned by a thread: None

Heap address: 0x0000000083600000, size: 1994 MB, Compressed Oops mode: 32-bit

CDS archive(s) mapped at: [0x0000000800000000-0x0000000800bc0000-0x0000000800bc0000), size 12320768, SharedBaseAddress: 0x0000000800000000, ArchiveRelocationMode: 0.
Compressed class space mapped at: 0x0000000800c00000-0x0000000840c00000, reserved size: 1073741824
Narrow klass base: 0x0000000800000000, Narrow klass shift: 0, Narrow klass range: 0x100000000

GC Precious Log:
 CPUs: 8 total, 8 available
 Memory: 7973M
 Large Page Support: Disabled
 NUMA Support: Disabled
 Compressed Oops: Enabled (32-bit)
 Heap Region Size: 1M
 Heap Min Capacity: 8M
 Heap Initial Capacity: 126M
 Heap Max Capacity: 1994M
 Pre-touch: Disabled
 Parallel Workers: 8
 Concurrent Workers: 2
 Concurrent Refinement Workers: 8
 Periodic GC: Disabled

Heap:
 garbage-first heap   total 61440K, used 41459K [0x0000000083600000, 0x0000000100000000)
  region size 1024K, 24 young (24576K), 2 survivors (2048K)
 Metaspace       used 53970K, committed 54464K, reserved 1097728K
  class space    used 7519K, committed 7744K, reserved 1048576K

Heap Regions: E=young(eden), S=young(survivor), O=old, HS=humongous(starts), HC=humongous(continues), CS=collection set, F=free, OA=open archive, CA=closed archive, TAMS=top-at-mark-start (previous, next)
|   0|0x0000000083600000, 0x0000000083700000, 0x0000000083700000|100%|HS|  |TAMS 0x0000000083700000, 0x0000000083600000| Complete 
|   1|0x0000000083700000, 0x0000000083800000, 0x0000000083800000|100%| O|  |TAMS 0x0000000083800000, 0x0000000083700000| Untracked 
|   2|0x0000000083800000, 0x0000000083900000, 0x0000000083900000|100%| O|  |TAMS 0x0000000083900000, 0x0000000083800000| Untracked 
|   3|0x0000000083900000, 0x0000000083a00000, 0x0000000083a00000|100%| O|  |TAMS 0x0000000083a00000, 0x0000000083900000| Untracked 
|   4|0x0000000083a00000, 0x0000000083b00000, 0x0000000083b00000|100%| O|  |TAMS 0x0000000083b00000, 0x0000000083a00000| Untracked 
|   5|0x0000000083b00000, 0x0000000083c00000, 0x0000000083c00000|100%| O|  |TAMS 0x0000000083c00000, 0x0000000083b00000| Untracked 
|   6|0x0000000083c00000, 0x0000000083cfbe00, 0x0000000083d00000| 98%| O|  |TAMS 0x0000000083cfbe00, 0x0000000083c00000| Untracked 
|   7|0x0000000083d00000, 0x0000000083e00000, 0x0000000083e00000|100%| O|  |TAMS 0x0000000083e00000, 0x0000000083d00000| Untracked 
|   8|0x0000000083e00000, 0x0000000083f00000, 0x0000000083f00000|100%| O|  |TAMS 0x0000000083f00000, 0x0000000083e00000| Untracked 
|   9|0x0000000083f00000, 0x0000000084000000, 0x0000000084000000|100%| O|  |TAMS 0x0000000084000000, 0x0000000083f00000| Untracked 
|  10|0x0000000084000000, 0x0000000084100000, 0x0000000084100000|100%| O|  |TAMS 0x0000000084100000, 0x0000000084000000| Untracked 
|  11|0x0000000084100000, 0x0000000084200000, 0x0000000084200000|100%| O|  |TAMS 0x0000000084100000, 0x0000000084100000| Untracked 
|  12|0x0000000084200000, 0x0000000084300000, 0x0000000084300000|100%| O|  |TAMS 0x0000000084200000, 0x0000000084200000| Untracked 
|  13|0x0000000084300000, 0x0000000084400000, 0x0000000084400000|100%| O|  |TAMS 0x0000000084300000, 0x0000000084300000| Untracked 
|  14|0x0000000084400000, 0x0000000084481000, 0x0000000084500000| 50%| O|  |TAMS 0x0000000084400000, 0x0000000084400000| Untracked 
|  15|0x0000000084500000, 0x0000000084500000, 0x0000000084600000|  0%| F|  |TAMS 0x0000000084500000, 0x0000000084500000| Untracked 
|  16|0x0000000084600000, 0x0000000084600000, 0x0000000084700000|  0%| F|  |TAMS 0x0000000084600000, 0x0000000084600000| Untracked 
|  17|0x0000000084700000, 0x0000000084800000, 0x0000000084800000|100%| O|  |TAMS 0x0000000084800000, 0x0000000084700000| Untracked 
|  18|0x0000000084800000, 0x0000000084900000, 0x0000000084900000|100%| O|  |TAMS 0x0000000084900000, 0x0000000084800000| Untracked 
|  19|0x0000000084900000, 0x0000000084a00000, 0x0000000084a00000|100%| O|  |TAMS 0x0000000084a00000, 0x0000000084900000| Untracked 
|  20|0x0000000084a00000, 0x0000000084a00000, 0x0000000084b00000|  0%| F|  |TAMS 0x0000000084a00000, 0x0000000084a00000| Untracked 
|  21|0x0000000084b00000, 0x0000000084b00000, 0x0000000084c00000|  0%| F|  |TAMS 0x0000000084b00000, 0x0000000084b00000| Untracked 
|  22|0x0000000084c00000, 0x0000000084c00000, 0x0000000084d00000|  0%| F|  |TAMS 0x0000000084c00000, 0x0000000084c00000| Untracked 
|  23|0x0000000084d00000, 0x0000000084d00000, 0x0000000084e00000|  0%| F|  |TAMS 0x0000000084d00000, 0x0000000084d00000| Untracked 
|  24|0x0000000084e00000, 0x0000000084e00000, 0x0000000084f00000|  0%| F|  |TAMS 0x0000000084e00000, 0x0000000084e00000| Untracked 
|  25|0x0000000084f00000, 0x0000000084f00000, 0x0000000085000000|  0%| F|  |TAMS 0x0000000084f00000, 0x0000000084f00000| Untracked 
|  26|0x0000000085000000, 0x0000000085000000, 0x0000000085100000|  0%| F|  |TAMS 0x0000000085000000, 0x0000000085000000| Untracked 
|  27|0x0000000085100000, 0x0000000085100000, 0x0000000085200000|  0%| F|  |TAMS 0x0000000085100000, 0x0000000085100000| Untracked 
|  28|0x0000000085200000, 0x0000000085200000, 0x0000000085300000|  0%| F|  |TAMS 0x0000000085200000, 0x0000000085200000| Untracked 
|  29|0x0000000085300000, 0x0000000085400000, 0x0000000085400000|100%| S|CS|TAMS 0x0000000085300000, 0x0000000085300000| Complete 
|  30|0x0000000085400000, 0x0000000085500000, 0x0000000085500000|100%| S|CS|TAMS 0x0000000085400000, 0x0000000085400000| Complete 
|  31|0x0000000085500000, 0x0000000085500000, 0x0000000085600000|  0%| F|  |TAMS 0x0000000085500000, 0x0000000085500000| Untracked 
|  32|0x0000000085600000, 0x0000000085600000, 0x0000000085700000|  0%| F|  |TAMS 0x0000000085600000, 0x0000000085600000| Untracked 
|  33|0x0000000085700000, 0x0000000085700000, 0x0000000085800000|  0%| F|  |TAMS 0x0000000085700000, 0x0000000085700000| Untracked 
|  34|0x0000000085800000, 0x0000000085800000, 0x0000000085900000|  0%| F|  |TAMS 0x0000000085800000, 0x0000000085800000| Untracked 
|  35|0x0000000085900000, 0x0000000085900000, 0x0000000085a00000|  0%| F|  |TAMS 0x0000000085900000, 0x0000000085900000| Untracked 
|  36|0x0000000085a00000, 0x0000000085a00000, 0x0000000085b00000|  0%| F|  |TAMS 0x0000000085a00000, 0x0000000085a00000| Untracked 
|  37|0x0000000085b00000, 0x0000000085b00000, 0x0000000085c00000|  0%| F|  |TAMS 0x0000000085b00000, 0x0000000085b00000| Untracked 
|  38|0x0000000085c00000, 0x0000000085d00000, 0x0000000085d00000|100%| E|  |TAMS 0x0000000085c00000, 0x0000000085c00000| Complete 
|  39|0x0000000085d00000, 0x0000000085e00000, 0x0000000085e00000|100%| E|CS|TAMS 0x0000000085d00000, 0x0000000085d00000| Complete 
|  40|0x0000000085e00000, 0x0000000085f00000, 0x0000000085f00000|100%| E|CS|TAMS 0x0000000085e00000, 0x0000000085e00000| Complete 
|  41|0x0000000085f00000, 0x0000000086000000, 0x0000000086000000|100%| E|CS|TAMS 0x0000000085f00000, 0x0000000085f00000| Complete 
|  42|0x0000000086000000, 0x0000000086100000, 0x0000000086100000|100%| E|CS|TAMS 0x0000000086000000, 0x0000000086000000| Complete 
|  43|0x0000000086100000, 0x0000000086200000, 0x0000000086200000|100%| E|CS|TAMS 0x0000000086100000, 0x0000000086100000| Complete 
|  44|0x0000000086200000, 0x0000000086300000, 0x0000000086300000|100%| E|CS|TAMS 0x0000000086200000, 0x0000000086200000| Complete 
|  45|0x0000000086300000, 0x0000000086400000, 0x0000000086400000|100%| E|CS|TAMS 0x0000000086300000, 0x0000000086300000| Complete 
|  46|0x0000000086400000, 0x0000000086500000, 0x0000000086500000|100%| E|CS|TAMS 0x0000000086400000, 0x0000000086400000| Complete 
|  47|0x0000000086500000, 0x0000000086600000, 0x0000000086600000|100%| E|CS|TAMS 0x0000000086500000, 0x0000000086500000| Complete 
|  48|0x0000000086600000, 0x0000000086700000, 0x0000000086700000|100%| E|CS|TAMS 0x0000000086600000, 0x0000000086600000| Complete 
|  49|0x0000000086700000, 0x0000000086800000, 0x0000000086800000|100%| E|CS|TAMS 0x0000000086700000, 0x0000000086700000| Complete 
|  50|0x0000000086800000, 0x0000000086900000, 0x0000000086900000|100%| E|CS|TAMS 0x0000000086800000, 0x0000000086800000| Complete 
|  51|0x0000000086900000, 0x0000000086a00000, 0x0000000086a00000|100%| E|CS|TAMS 0x0000000086900000, 0x0000000086900000| Complete 
|  52|0x0000000086a00000, 0x0000000086b00000, 0x0000000086b00000|100%| E|CS|TAMS 0x0000000086a00000, 0x0000000086a00000| Complete 
|  53|0x0000000086b00000, 0x0000000086c00000, 0x0000000086c00000|100%| E|CS|TAMS 0x0000000086b00000, 0x0000000086b00000| Complete 
|  54|0x0000000086c00000, 0x0000000086d00000, 0x0000000086d00000|100%| E|CS|TAMS 0x0000000086c00000, 0x0000000086c00000| Complete 
|  55|0x0000000086d00000, 0x0000000086e00000, 0x0000000086e00000|100%| E|CS|TAMS 0x0000000086d00000, 0x0000000086d00000| Complete 
|  56|0x0000000086e00000, 0x0000000086f00000, 0x0000000086f00000|100%| E|CS|TAMS 0x0000000086e00000, 0x0000000086e00000| Complete 
|  57|0x0000000086f00000, 0x0000000087000000, 0x0000000087000000|100%| E|CS|TAMS 0x0000000086f00000, 0x0000000086f00000| Complete 
|  58|0x0000000087000000, 0x0000000087100000, 0x0000000087100000|100%| E|CS|TAMS 0x0000000087000000, 0x0000000087000000| Complete 
| 125|0x000000008b300000, 0x000000008b400000, 0x000000008b400000|100%| E|CS|TAMS 0x000000008b300000, 0x000000008b300000| Complete 

Card table byte_map: [0x0000022afd970000,0x0000022afdd60000] _byte_map_base: 0x0000022afd555000

Marking Bits (Prev, Next): (CMBitMap*) 0x0000022ae6aaa2b0, (CMBitMap*) 0x0000022ae6aaa2f0
 Prev Bits: [0x0000022a80000000, 0x0000022a81f28000)
 Next Bits: [0x0000022a81f30000, 0x0000022a83e58000)

Polling page: 0x0000022ae4a00000

Metaspace:

Usage:
  Non-class:     45.37 MB used.
      Class:      7.34 MB used.
       Both:     52.71 MB used.

Virtual space:
  Non-class space:       48.00 MB reserved,      45.62 MB ( 95%) committed,  6 nodes.
      Class space:        1.00 GB reserved,       7.56 MB ( <1%) committed,  1 nodes.
             Both:        1.05 GB reserved,      53.19 MB (  5%) committed. 

Chunk freelists:
   Non-Class:  1.59 MB
       Class:  400.00 KB
        Both:  1.98 MB

MaxMetaspaceSize: unlimited
CompressedClassSpaceSize: 1.00 GB
Initial GC threshold: 21.00 MB
Current GC threshold: 59.00 MB
CDS: on
MetaspaceReclaimPolicy: balanced
 - commit_granule_bytes: 65536.
 - commit_granule_words: 8192.
 - virtual_space_node_default_size: 1048576.
 - enlarge_chunks_in_place: 1.
 - new_chunks_are_fully_committed: 0.
 - uncommit_free_chunks: 1.
 - use_allocation_guard: 0.
 - handle_deallocations: 1.


Internal statistics:

num_allocs_failed_limit: 6.
num_arena_births: 584.
num_arena_deaths: 0.
num_vsnodes_births: 7.
num_vsnodes_deaths: 0.
num_space_committed: 851.
num_space_uncommitted: 0.
num_chunks_returned_to_freelist: 6.
num_chunks_taken_from_freelist: 2537.
num_chunk_merges: 6.
num_chunk_splits: 1858.
num_chunks_enlarged: 1495.
num_purges: 0.
num_inconsistent_stats: 0.

CodeHeap 'non-profiled nmethods': size=120000Kb used=2603Kb max_used=2603Kb free=117396Kb
 bounds [0x0000022af5d20000, 0x0000022af5fb0000, 0x0000022afd250000]
CodeHeap 'profiled nmethods': size=120000Kb used=8660Kb max_used=8660Kb free=111339Kb
 bounds [0x0000022aee7f0000, 0x0000022aef070000, 0x0000022af5d20000]
CodeHeap 'non-nmethods': size=5760Kb used=1320Kb max_used=1386Kb free=4439Kb
 bounds [0x0000022aee250000, 0x0000022aee4c0000, 0x0000022aee7f0000]
 total_blobs=4887 nmethods=4239 adapters=559
 compilation: enabled
              stopped_count=0, restarted_count=0
 full_count=0

Compilation events (20 events):
Event: 8.730 Thread 0x0000022afeb66690 nmethod 4257 0x0000022aef062190 code [0x0000022aef062340, 0x0000022aef0624f8]
Event: 8.732 Thread 0x0000022afeb5dc90 nmethod 4117 0x0000022af5f9b390 code [0x0000022af5f9b7c0, 0x0000022af5fa0958]
Event: 8.733 Thread 0x0000022afeb5dc90 3968       4       org.springframework.core.annotation.TypeMappedAnnotations$MergedAnnotationFinder::doWithAnnotations (75 bytes)
Event: 8.829 Thread 0x0000022afeb5dc90 nmethod 3968 0x0000022af5fa3790 code [0x0000022af5fa3ac0, 0x0000022af5fa59e8]
Event: 8.829 Thread 0x0000022afeb5dc90 4013       4       java.util.Optional::orElse (16 bytes)
Event: 8.829 Thread 0x0000022afeb5dc90 nmethod 4013 0x0000022af5fa7210 code [0x0000022af5fa7380, 0x0000022af5fa7418]
Event: 8.829 Thread 0x0000022afeb5dc90 4114       4       java.lang.Class::privateGetDeclaredMethods (64 bytes)
Event: 8.850 Thread 0x0000022afeb5dc90 nmethod 4114 0x0000022af5fa7510 code [0x0000022af5fa7700, 0x0000022af5fa8418]
Event: 8.850 Thread 0x0000022afeb5dc90 4156       4       java.util.stream.StreamOpFlag::fromCharacteristics (37 bytes)
Event: 8.851 Thread 0x0000022afeb5dc90 nmethod 4156 0x0000022af5fa8890 code [0x0000022af5fa8a00, 0x0000022af5fa8a98]
Event: 8.851 Thread 0x0000022afeb5dc90 4157       4       java.util.stream.AbstractPipeline::<init> (55 bytes)
Event: 8.853 Thread 0x0000022afeb5dc90 nmethod 4157 0x0000022af5fa8b90 code [0x0000022af5fa8d00, 0x0000022af5fa8f58]
Event: 8.853 Thread 0x0000022afeb5dc90 4158       4       java.util.stream.StreamSupport::stream (19 bytes)
Event: 8.858 Thread 0x0000022afeb5dc90 nmethod 4158 0x0000022af5fa9010 code [0x0000022af5fa91a0, 0x0000022af5fa94b8]
Event: 8.858 Thread 0x0000022afeb5dc90 4166       4       java.util.stream.AbstractPipeline::<init> (91 bytes)
Event: 8.863 Thread 0x0000022afeb5dc90 nmethod 4166 0x0000022af5fa9610 code [0x0000022af5fa97a0, 0x0000022af5fa9bd8]
Event: 8.863 Thread 0x0000022afeb5dc90 4167       4       java.util.stream.Sink$ChainedReference::end (10 bytes)
Event: 8.863 Thread 0x0000022afeb5dc90 nmethod 4167 0x0000022af5fa9d10 code [0x0000022af5fa9e80, 0x0000022af5fa9f18]
Event: 8.863 Thread 0x0000022afeb5dc90 4192       4       java.util.Spliterators$ArraySpliterator::estimateSize (11 bytes)
Event: 8.864 Thread 0x0000022afeb5dc90 nmethod 4192 0x0000022af5faa010 code [0x0000022af5faa180, 0x0000022af5faa1f8]

GC Heap History (20 events):
Event: 2.044 GC heap before
{Heap before GC invocations=1 (full 0):
 garbage-first heap   total 129024K, used 34760K [0x0000000083600000, 0x0000000100000000)
  region size 1024K, 30 young (30720K), 3 survivors (3072K)
 Metaspace       used 11002K, committed 11200K, reserved 1064960K
  class space    used 1423K, committed 1536K, reserved 1048576K
}
Event: 2.051 GC heap after
{Heap after GC invocations=2 (full 0):
 garbage-first heap   total 129024K, used 9693K [0x0000000083600000, 0x0000000100000000)
  region size 1024K, 3 young (3072K), 3 survivors (3072K)
 Metaspace       used 11002K, committed 11200K, reserved 1064960K
  class space    used 1423K, committed 1536K, reserved 1048576K
}
Event: 2.819 GC heap before
{Heap before GC invocations=2 (full 0):
 garbage-first heap   total 129024K, used 81373K [0x0000000083600000, 0x0000000100000000)
  region size 1024K, 74 young (75776K), 3 survivors (3072K)
 Metaspace       used 18895K, committed 19136K, reserved 1073152K
  class space    used 2429K, committed 2560K, reserved 1048576K
}
Event: 2.827 GC heap after
{Heap after GC invocations=3 (full 0):
 garbage-first heap   total 129024K, used 12383K [0x0000000083600000, 0x0000000100000000)
  region size 1024K, 6 young (6144K), 6 survivors (6144K)
 Metaspace       used 18895K, committed 19136K, reserved 1073152K
  class space    used 2429K, committed 2560K, reserved 1048576K
}
Event: 2.858 GC heap before
{Heap before GC invocations=3 (full 0):
 garbage-first heap   total 129024K, used 82015K [0x0000000083600000, 0x0000000100000000)
  region size 1024K, 75 young (76800K), 6 survivors (6144K)
 Metaspace       used 18989K, committed 19264K, reserved 1073152K
  class space    used 2441K, committed 2560K, reserved 1048576K
}
Event: 2.863 GC heap after
{Heap after GC invocations=4 (full 0):
 garbage-first heap   total 129024K, used 12699K [0x0000000083600000, 0x0000000100000000)
  region size 1024K, 6 young (6144K), 6 survivors (6144K)
 Metaspace       used 18989K, committed 19264K, reserved 1073152K
  class space    used 2441K, committed 2560K, reserved 1048576K
}
Event: 3.512 GC heap before
{Heap before GC invocations=4 (full 0):
 garbage-first heap   total 129024K, used 29083K [0x0000000083600000, 0x0000000100000000)
  region size 1024K, 23 young (23552K), 6 survivors (6144K)
 Metaspace       used 21242K, committed 21504K, reserved 1073152K
  class space    used 2741K, committed 2880K, reserved 1048576K
}
Event: 3.522 GC heap after
{Heap after GC invocations=5 (full 0):
 garbage-first heap   total 129024K, used 13243K [0x0000000083600000, 0x0000000100000000)
  region size 1024K, 6 young (6144K), 6 survivors (6144K)
 Metaspace       used 21242K, committed 21504K, reserved 1073152K
  class space    used 2741K, committed 2880K, reserved 1048576K
}
Event: 4.555 GC heap before
{Heap before GC invocations=6 (full 0):
 garbage-first heap   total 48128K, used 36795K [0x0000000083600000, 0x0000000100000000)
  region size 1024K, 30 young (30720K), 6 survivors (6144K)
 Metaspace       used 27694K, committed 28096K, reserved 1081344K
  class space    used 3555K, committed 3712K, reserved 1048576K
}
Event: 4.567 GC heap after
{Heap after GC invocations=7 (full 0):
 garbage-first heap   total 48128K, used 15590K [0x0000000083600000, 0x0000000100000000)
  region size 1024K, 6 young (6144K), 6 survivors (6144K)
 Metaspace       used 27694K, committed 28096K, reserved 1081344K
  class space    used 3555K, committed 3712K, reserved 1048576K
}
Event: 5.087 GC heap before
{Heap before GC invocations=7 (full 0):
 garbage-first heap   total 48128K, used 35046K [0x0000000083600000, 0x0000000100000000)
  region size 1024K, 25 young (25600K), 6 survivors (6144K)
 Metaspace       used 32418K, committed 32832K, reserved 1081344K
  class space    used 4220K, committed 4416K, reserved 1048576K
}
Event: 5.095 GC heap after
{Heap after GC invocations=8 (full 0):
 garbage-first heap   total 48128K, used 16790K [0x0000000083600000, 0x0000000100000000)
  region size 1024K, 2 young (2048K), 2 survivors (2048K)
 Metaspace       used 32418K, committed 32832K, reserved 1081344K
  class space    used 4220K, committed 4416K, reserved 1048576K
}
Event: 5.469 GC heap before
{Heap before GC invocations=8 (full 0):
 garbage-first heap   total 48128K, used 30102K [0x0000000083600000, 0x0000000100000000)
  region size 1024K, 16 young (16384K), 2 survivors (2048K)
 Metaspace       used 35633K, committed 35968K, reserved 1081344K
  class space    used 4745K, committed 4928K, reserved 1048576K
}
Event: 5.475 GC heap after
{Heap after GC invocations=9 (full 0):
 garbage-first heap   total 69632K, used 16890K [0x0000000083600000, 0x0000000100000000)
  region size 1024K, 2 young (2048K), 2 survivors (2048K)
 Metaspace       used 35633K, committed 35968K, reserved 1081344K
  class space    used 4745K, committed 4928K, reserved 1048576K
}
Event: 6.917 GC heap before
{Heap before GC invocations=10 (full 0):
 garbage-first heap   total 61440K, used 51706K [0x0000000083600000, 0x0000000100000000)
  region size 1024K, 36 young (36864K), 2 survivors (2048K)
 Metaspace       used 44933K, committed 45312K, reserved 1089536K
  class space    used 6217K, committed 6400K, reserved 1048576K
}
Event: 6.926 GC heap after
{Heap after GC invocations=11 (full 0):
 garbage-first heap   total 61440K, used 18290K [0x0000000083600000, 0x0000000100000000)
  region size 1024K, 3 young (3072K), 3 survivors (3072K)
 Metaspace       used 44933K, committed 45312K, reserved 1089536K
  class space    used 6217K, committed 6400K, reserved 1048576K
}
Event: 6.971 GC heap before
{Heap before GC invocations=11 (full 0):
 garbage-first heap   total 61440K, used 18290K [0x0000000083600000, 0x0000000100000000)
  region size 1024K, 4 young (4096K), 3 survivors (3072K)
 Metaspace       used 45179K, committed 45568K, reserved 1089536K
  class space    used 6245K, committed 6464K, reserved 1048576K
}
Event: 6.978 GC heap after
{Heap after GC invocations=12 (full 0):
 garbage-first heap   total 61440K, used 18425K [0x0000000083600000, 0x0000000100000000)
  region size 1024K, 1 young (1024K), 1 survivors (1024K)
 Metaspace       used 45179K, committed 45568K, reserved 1089536K
  class space    used 6245K, committed 6464K, reserved 1048576K
}
Event: 8.143 GC heap before
{Heap before GC invocations=12 (full 0):
 garbage-first heap   total 61440K, used 47097K [0x0000000083600000, 0x0000000100000000)
  region size 1024K, 29 young (29696K), 1 survivors (1024K)
 Metaspace       used 51445K, committed 51968K, reserved 1097728K
  class space    used 7130K, committed 7360K, reserved 1048576K
}
Event: 8.151 GC heap after
{Heap after GC invocations=13 (full 0):
 garbage-first heap   total 61440K, used 19955K [0x0000000083600000, 0x0000000100000000)
  region size 1024K, 2 young (2048K), 2 survivors (2048K)
 Metaspace       used 51445K, committed 51968K, reserved 1097728K
  class space    used 7130K, committed 7360K, reserved 1048576K
}

Deoptimization events (20 events):
Event: 8.487 Thread 0x0000022ae6a6d4d0 Uncommon trap: trap_request=0xffffff45 fr.pc=0x0000022af5f8262c relative=0x0000000000002e2c
Event: 8.487 Thread 0x0000022ae6a6d4d0 Uncommon trap: reason=unstable_if action=reinterpret pc=0x0000022af5f8262c method=org.springframework.core.annotation.TypeMappedAnnotations.scan(Ljava/lang/Object;Lorg/springframework/core/annotation/AnnotationsProcessor;)Ljava/lang/Object; @ 4 c2
Event: 8.487 Thread 0x0000022ae6a6d4d0 DEOPT PACKING pc=0x0000022af5f8262c sp=0x00000050ffafbc50
Event: 8.487 Thread 0x0000022ae6a6d4d0 DEOPT UNPACKING pc=0x0000022aee2a23a3 sp=0x00000050ffafbc30 mode 2
Event: 8.628 Thread 0x0000022ae6a6d4d0 Uncommon trap: trap_request=0xffffff45 fr.pc=0x0000022af5dee560 relative=0x0000000000000060
Event: 8.628 Thread 0x0000022ae6a6d4d0 Uncommon trap: reason=unstable_if action=reinterpret pc=0x0000022af5dee560 method=org.springframework.util.ConcurrentReferenceHashMap$Segment.clear()V @ 7 c2
Event: 8.628 Thread 0x0000022ae6a6d4d0 DEOPT PACKING pc=0x0000022af5dee560 sp=0x00000050ffafc510
Event: 8.628 Thread 0x0000022ae6a6d4d0 DEOPT UNPACKING pc=0x0000022aee2a23a3 sp=0x00000050ffafc4a0 mode 2
Event: 8.665 Thread 0x0000022ae6a6d4d0 Uncommon trap: trap_request=0xffffff45 fr.pc=0x0000022af5eb097c relative=0x000000000000049c
Event: 8.665 Thread 0x0000022ae6a6d4d0 Uncommon trap: reason=unstable_if action=reinterpret pc=0x0000022af5eb097c method=java.util.LinkedHashMap.get(Ljava/lang/Object;)Ljava/lang/Object; @ 16 c2
Event: 8.665 Thread 0x0000022ae6a6d4d0 DEOPT PACKING pc=0x0000022af5eb097c sp=0x00000050ffafce90
Event: 8.665 Thread 0x0000022ae6a6d4d0 DEOPT UNPACKING pc=0x0000022aee2a23a3 sp=0x00000050ffafce58 mode 2
Event: 8.784 Thread 0x0000022ae6a6d4d0 Uncommon trap: trap_request=0xffffffde fr.pc=0x0000022af5e2a3a0 relative=0x0000000000001860
Event: 8.784 Thread 0x0000022ae6a6d4d0 Uncommon trap: reason=class_check action=maybe_recompile pc=0x0000022af5e2a3a0 method=java.util.zip.InflaterInputStream.read([BII)I @ 100 c2
Event: 8.784 Thread 0x0000022ae6a6d4d0 DEOPT PACKING pc=0x0000022af5e2a3a0 sp=0x00000050ffaf9dd0
Event: 8.784 Thread 0x0000022ae6a6d4d0 DEOPT UNPACKING pc=0x0000022aee2a23a3 sp=0x00000050ffaf9e20 mode 2
Event: 8.784 Thread 0x0000022ae6a6d4d0 Uncommon trap: trap_request=0xffffffde fr.pc=0x0000022af5e2a3a0 relative=0x0000000000001860
Event: 8.784 Thread 0x0000022ae6a6d4d0 Uncommon trap: reason=class_check action=maybe_recompile pc=0x0000022af5e2a3a0 method=java.util.zip.InflaterInputStream.read([BII)I @ 100 c2
Event: 8.784 Thread 0x0000022ae6a6d4d0 DEOPT PACKING pc=0x0000022af5e2a3a0 sp=0x00000050ffaf9dd0
Event: 8.784 Thread 0x0000022ae6a6d4d0 DEOPT UNPACKING pc=0x0000022aee2a23a3 sp=0x00000050ffaf9e20 mode 2

Classes unloaded (0 events):
No events

Classes redefined (0 events):
No events

Internal exceptions (20 events):
Event: 7.818 Thread 0x0000022ae6a6d4d0 Exception <a 'java/lang/IncompatibleClassChangeError'{0x0000000085c06098}: Found class java.lang.Object, but interface was expected> (0x0000000085c06098) 
thrown [t:\workspace\open\src\hotspot\share\interpreter\linkResolver.cpp, line 833]
Event: 7.874 Thread 0x0000022ae6a6d4d0 Exception <a 'java/lang/IncompatibleClassChangeError'{0x0000000085b6da20}: Found class java.lang.Object, but interface was expected> (0x0000000085b6da20) 
thrown [t:\workspace\open\src\hotspot\share\interpreter\linkResolver.cpp, line 833]
Event: 7.887 Thread 0x0000022ae6a6d4d0 Exception <a 'java/lang/NoSuchMethodError'{0x0000000085bc8c80}: 'java.lang.Object java.lang.invoke.DirectMethodHandle$Holder.invokeSpecialIFC(java.lang.Object, java.lang.Object, java.lang.Object)'> (0x0000000085bc8c80) 
thrown [t:\workspace\open\src\hotspot\share\interpreter\linkResolver.cpp, line 766]
Event: 8.141 Thread 0x0000022ae6a6d4d0 Exception <a 'java/lang/IncompatibleClassChangeError'{0x00000000855f4890}: Found class java.lang.Object, but interface was expected> (0x00000000855f4890) 
thrown [t:\workspace\open\src\hotspot\share\interpreter\linkResolver.cpp, line 833]
Event: 8.350 Thread 0x0000022ae6a6d4d0 Exception <a 'java/lang/reflect/InvocationTargetException'{0x0000000086a475c0}> (0x0000000086a475c0) 
thrown [t:\workspace\open\src\hotspot\share\runtime\reflection.cpp, line 1121]
Event: 8.372 Thread 0x0000022ae6a6d4d0 Exception <a 'java/lang/NoSuchMethodError'{0x0000000086aabbd0}: 'int java.lang.invoke.DirectMethodHandle$Holder.invokeStatic(java.lang.Object, java.lang.Object, int)'> (0x0000000086aabbd0) 
thrown [t:\workspace\open\src\hotspot\share\interpreter\linkResolver.cpp, line 766]
Event: 8.382 Thread 0x0000022ae6a6d4d0 Exception <a 'java/lang/NoSuchMethodError'{0x0000000086ae72d8}: 'java.lang.Object java.lang.invoke.Invokers$Holder.invoke_MT(java.lang.Object, java.lang.Object, java.lang.Object, java.lang.Object, java.lang.Object, java.lang.Object, java.lang.Object, java.lang.Object, java.lang.Object)'> (0x0000000086ae72d8) 
thrown [t:\workspace\open\src\hotspot\share\interpreter\linkResolver.cpp, line 766]
Event: 8.388 Thread 0x0000022ae6a6d4d0 Exception <a 'java/lang/IncompatibleClassChangeError'{0x0000000086910a60}: Found class java.lang.Object, but interface was expected> (0x0000000086910a60) 
thrown [t:\workspace\open\src\hotspot\share\interpreter\linkResolver.cpp, line 833]
Event: 8.464 Thread 0x0000022ae6a6d4d0 Exception <a 'java/lang/NoSuchMethodError'{0x0000000086891de8}: 'java.lang.Object java.lang.invoke.DirectMethodHandle$Holder.invokeStatic(java.lang.Object, int, java.lang.Object)'> (0x0000000086891de8) 
thrown [t:\workspace\open\src\hotspot\share\interpreter\linkResolver.cpp, line 766]
Event: 8.543 Thread 0x0000022ae6a6d4d0 Exception <a 'java/lang/reflect/InvocationTargetException'{0x0000000086221858}> (0x0000000086221858) 
thrown [t:\workspace\open\src\hotspot\share\runtime\reflection.cpp, line 1121]
Event: 8.618 Thread 0x0000022ae6a6d4d0 Exception <a 'java/lang/NoSuchMethodError'{0x0000000085f4a168}: 'java.lang.Object java.lang.invoke.DirectMethodHandle$Holder.newInvokeSpecial(java.lang.Object, java.lang.Object, int, java.lang.Object, java.lang.Object)'> (0x0000000085f4a168) 
thrown [t:\workspace\open\src\hotspot\share\interpreter\linkResolver.cpp, line 766]
Event: 8.620 Thread 0x0000022ae6a6d4d0 Exception <a 'java/lang/NoSuchMethodError'{0x0000000085f5b210}: 'java.lang.Object java.lang.invoke.DirectMethodHandle$Holder.invokeSpecial(java.lang.Object, java.lang.Object, int, java.lang.Object, int, java.lang.Object)'> (0x0000000085f5b210) 
thrown [t:\workspace\open\src\hotspot\share\interpreter\linkResolver.cpp, line 766]
Event: 8.622 Thread 0x0000022ae6a6d4d0 Exception <a 'java/lang/NoSuchMethodError'{0x0000000085f63810}: 'java.lang.Object java.lang.invoke.DirectMethodHandle$Holder.newInvokeSpecial(java.lang.Object, java.lang.Object, int, java.lang.Object, int)'> (0x0000000085f63810) 
thrown [t:\workspace\open\src\hotspot\share\interpreter\linkResolver.cpp, line 766]
Event: 8.624 Thread 0x0000022ae6a6d4d0 Exception <a 'java/lang/NoSuchMethodError'{0x0000000085f67e60}: 'java.lang.Object java.lang.invoke.DirectMethodHandle$Holder.invokeSpecial(java.lang.Object, java.lang.Object, java.lang.Object, int, java.lang.Object, int)'> (0x0000000085f67e60) 
thrown [t:\workspace\open\src\hotspot\share\interpreter\linkResolver.cpp, line 766]
Event: 8.704 Thread 0x0000022ae6a6d4d0 Exception <a 'java/lang/NoSuchMethodError'{0x0000000085ea00d8}: 'java.lang.Object java.lang.invoke.DirectMethodHandle$Holder.newInvokeSpecial(java.lang.Object, java.lang.Object, java.lang.Object, java.lang.Object, int)'> (0x0000000085ea00d8) 
thrown [t:\workspace\open\src\hotspot\share\interpreter\linkResolver.cpp, line 766]
Event: 8.705 Thread 0x0000022ae6a6d4d0 Exception <a 'java/lang/NoSuchMethodError'{0x0000000085ea45c0}: 'java.lang.Object java.lang.invoke.DirectMethodHandle$Holder.invokeSpecial(java.lang.Object, java.lang.Object, java.lang.Object, java.lang.Object, java.lang.Object, int)'> (0x0000000085ea45c0) 
thrown [t:\workspace\open\src\hotspot\share\interpreter\linkResolver.cpp, line 766]
Event: 8.705 Thread 0x0000022ae6a6d4d0 Exception <a 'java/lang/NoSuchMethodError'{0x0000000085ea8350}: 'java.lang.Object java.lang.invoke.Invokers$Holder.linkToTargetMethod(java.lang.Object, java.lang.Object, java.lang.Object, int, java.lang.Object)'> (0x0000000085ea8350) 
thrown [t:\workspace\open\src\hotspot\share\interpreter\linkResolver.cpp, line 766]
Event: 8.775 Thread 0x0000022ae6a6d4d0 Exception <a 'java/lang/reflect/InvocationTargetException'{0x0000000085dddc38}> (0x0000000085dddc38) 
thrown [t:\workspace\open\src\hotspot\share\runtime\reflection.cpp, line 1121]
Event: 8.804 Thread 0x0000022ae6a6d4d0 Exception <a 'java/lang/NoSuchMethodError'{0x0000000085dfdfe8}: 'void java.lang.invoke.DirectMethodHandle$Holder.invokeStatic(java.lang.Object, long)'> (0x0000000085dfdfe8) 
thrown [t:\workspace\open\src\hotspot\share\interpreter\linkResolver.cpp, line 766]
Event: 8.807 Thread 0x0000022ae6a6d4d0 Exception <a 'java/lang/NoSuchMethodError'{0x0000000085c04028}: 'java.lang.Object java.lang.invoke.DirectMethodHandle$Holder.newInvokeSpecial(java.lang.Object, long)'> (0x0000000085c04028) 
thrown [t:\workspace\open\src\hotspot\share\interpreter\linkResolver.cpp, line 766]

VM Operations (20 events):
Event: 6.863 Executing VM operation: HandshakeAllThreads
Event: 6.863 Executing VM operation: HandshakeAllThreads done
Event: 6.917 Executing VM operation: G1CollectForAllocation
Event: 6.926 Executing VM operation: G1CollectForAllocation done
Event: 6.971 Executing VM operation: G1CollectForAllocation
Event: 6.978 Executing VM operation: G1CollectForAllocation done
Event: 7.630 Executing VM operation: HandshakeAllThreads
Event: 7.630 Executing VM operation: HandshakeAllThreads done
Event: 7.667 Executing VM operation: ICBufferFull
Event: 7.667 Executing VM operation: ICBufferFull done
Event: 7.791 Executing VM operation: HandshakeAllThreads
Event: 7.791 Executing VM operation: HandshakeAllThreads done
Event: 8.032 Executing VM operation: HandshakeAllThreads
Event: 8.032 Executing VM operation: HandshakeAllThreads done
Event: 8.143 Executing VM operation: G1CollectForAllocation
Event: 8.151 Executing VM operation: G1CollectForAllocation done
Event: 8.243 Executing VM operation: HandshakeAllThreads
Event: 8.243 Executing VM operation: HandshakeAllThreads done
Event: 8.783 Executing VM operation: HandshakeAllThreads
Event: 8.783 Executing VM operation: HandshakeAllThreads done

Events (20 events):
Event: 8.764 loading class java/security/DomainCombiner
Event: 8.764 loading class java/security/DomainCombiner done
Event: 8.765 loading class java/lang/ProcessHandle$Info
Event: 8.765 loading class java/lang/ProcessHandle$Info done
Event: 8.782 loading class java/util/jar/JarInputStream
Event: 8.783 loading class java/util/jar/JarInputStream done
Event: 8.785 loading class sun/security/util/ManifestEntryVerifier
Event: 8.785 loading class sun/security/util/ManifestEntryVerifier done
Event: 8.787 loading class java/lang/ProcessBuilder
Event: 8.787 loading class java/lang/ProcessBuilder done
Event: 8.787 loading class java/lang/ProcessImpl
Event: 8.788 loading class java/lang/ProcessImpl done
Event: 8.808 loading class java/lang/ProcessImpl$2
Event: 8.808 loading class java/lang/ProcessImpl$2 done
Event: 8.808 loading class java/lang/Process$PipeInputStream
Event: 8.808 loading class java/lang/Process$PipeInputStream done
Event: 8.808 loading class jdk/internal/event/ProcessStartEvent
Event: 8.809 loading class jdk/internal/event/Event
Event: 8.809 loading class jdk/internal/event/Event done
Event: 8.809 loading class jdk/internal/event/ProcessStartEvent done


Dynamic libraries:
0x00007ff68c580000 - 0x00007ff68c58e000 	C:\Program Files\Java\jdk-17\bin\java.exe
0x00007ffeb0570000 - 0x00007ffeb0784000 	C:\WINDOWS\SYSTEM32\ntdll.dll
0x00007ffeae850000 - 0x00007ffeae914000 	C:\WINDOWS\System32\KERNEL32.DLL
0x00007ffeadd10000 - 0x00007ffeae0b4000 	C:\WINDOWS\System32\KERNELBASE.dll
0x00007ffeae140000 - 0x00007ffeae251000 	C:\WINDOWS\System32\ucrtbase.dll
0x00007ffea5340000 - 0x00007ffea535a000 	C:\Program Files\Java\jdk-17\bin\VCRUNTIME140.dll
0x00007ffea53e0000 - 0x00007ffea53f8000 	C:\Program Files\Java\jdk-17\bin\jli.dll
0x00007ffeb02d0000 - 0x00007ffeb047e000 	C:\WINDOWS\System32\USER32.dll
0x00007ffead920000 - 0x00007ffead946000 	C:\WINDOWS\System32\win32u.dll
0x00007ffeaed50000 - 0x00007ffeaed79000 	C:\WINDOWS\System32\GDI32.dll
0x00007ffeadb80000 - 0x00007ffeadc98000 	C:\WINDOWS\System32\gdi32full.dll
0x00007ffeae260000 - 0x00007ffeae2fa000 	C:\WINDOWS\System32\msvcp_win.dll
0x00007ffe8ae90000 - 0x00007ffe8b123000 	C:\WINDOWS\WinSxS\amd64_microsoft.windows.common-controls_6595b64144ccf1df_6.0.22621.2215_none_270d72677387dfc3\COMCTL32.dll
0x00007ffeb0480000 - 0x00007ffeb0527000 	C:\WINDOWS\System32\msvcrt.dll
0x00007ffeaed10000 - 0x00007ffeaed41000 	C:\WINDOWS\System32\IMM32.DLL
0x00007ffea5330000 - 0x00007ffea533c000 	C:\Program Files\Java\jdk-17\bin\vcruntime140_1.dll
0x00007ffe8c420000 - 0x00007ffe8c4ad000 	C:\Program Files\Java\jdk-17\bin\msvcp140.dll
0x00007ffe6ab60000 - 0x00007ffe6b71e000 	C:\Program Files\Java\jdk-17\bin\server\jvm.dll
0x00007ffeaf400000 - 0x00007ffeaf4b0000 	C:\WINDOWS\System32\ADVAPI32.dll
0x00007ffeaec60000 - 0x00007ffeaed06000 	C:\WINDOWS\System32\sechost.dll
0x00007ffeaf8a0000 - 0x00007ffeaf9b7000 	C:\WINDOWS\System32\RPCRT4.dll
0x00007ffeafa20000 - 0x00007ffeafa28000 	C:\WINDOWS\System32\PSAPI.DLL
0x00007ffe9cf40000 - 0x00007ffe9cf74000 	C:\WINDOWS\SYSTEM32\WINMM.dll
0x00007ffea6f80000 - 0x00007ffea6f89000 	C:\WINDOWS\SYSTEM32\WSOCK32.dll
0x00007ffea4730000 - 0x00007ffea473a000 	C:\WINDOWS\SYSTEM32\VERSION.dll
0x00007ffeaf230000 - 0x00007ffeaf2a1000 	C:\WINDOWS\System32\WS2_32.dll
0x00007ffeaca60000 - 0x00007ffeaca78000 	C:\WINDOWS\SYSTEM32\kernel.appcore.dll
0x00007ffea3770000 - 0x00007ffea377a000 	C:\Program Files\Java\jdk-17\bin\jimage.dll
0x00007ffea8000000 - 0x00007ffea822e000 	C:\WINDOWS\SYSTEM32\DBGHELP.DLL
0x00007ffeaf510000 - 0x00007ffeaf89a000 	C:\WINDOWS\System32\combase.dll
0x00007ffeaed80000 - 0x00007ffeaee57000 	C:\WINDOWS\System32\OLEAUT32.dll
0x00007ffea5860000 - 0x00007ffea5892000 	C:\WINDOWS\SYSTEM32\dbgcore.DLL
0x00007ffeae0c0000 - 0x00007ffeae13a000 	C:\WINDOWS\System32\bcryptPrimitives.dll
0x00007ffea5760000 - 0x00007ffea576e000 	C:\Program Files\Java\jdk-17\bin\instrument.dll
0x00007ffe9d9e0000 - 0x00007ffe9da05000 	C:\Program Files\Java\jdk-17\bin\java.dll
0x00007ffe8c220000 - 0x00007ffe8c2f6000 	C:\Program Files\Java\jdk-17\bin\svml.dll
0x00007ffeafaa0000 - 0x00007ffeb02c3000 	C:\WINDOWS\System32\SHELL32.dll
0x00007ffeab8c0000 - 0x00007ffeac1aa000 	C:\WINDOWS\SYSTEM32\windows.storage.dll
0x00007ffeab780000 - 0x00007ffeab8be000 	C:\WINDOWS\SYSTEM32\wintypes.dll
0x00007ffeaef60000 - 0x00007ffeaf053000 	C:\WINDOWS\System32\SHCORE.dll
0x00007ffeaf4b0000 - 0x00007ffeaf50e000 	C:\WINDOWS\System32\shlwapi.dll
0x00007ffead850000 - 0x00007ffead876000 	C:\WINDOWS\SYSTEM32\profapi.dll
0x00007ffe97ac0000 - 0x00007ffe97ad8000 	C:\Program Files\Java\jdk-17\bin\zip.dll
0x00007ffe9d5e0000 - 0x00007ffe9d5f9000 	C:\Program Files\Java\jdk-17\bin\net.dll
0x00007ffe9e420000 - 0x00007ffe9e557000 	C:\WINDOWS\SYSTEM32\WINHTTP.dll
0x00007ffeacee0000 - 0x00007ffeacf49000 	C:\WINDOWS\system32\mswsock.dll
0x00007ffe97ae0000 - 0x00007ffe97af5000 	C:\Program Files\Java\jdk-17\bin\nio.dll
0x00007ffea37f0000 - 0x00007ffea380a000 	C:\Program Files\JetBrains\IntelliJ IDEA Community Edition 2023.2.5\bin\breakgen64.dll
0x00007ffead130000 - 0x00007ffead14b000 	C:\WINDOWS\SYSTEM32\CRYPTSP.dll
0x00007ffeac9d0000 - 0x00007ffeaca05000 	C:\WINDOWS\system32\rsaenh.dll
0x00007ffeacfd0000 - 0x00007ffeacffc000 	C:\WINDOWS\SYSTEM32\USERENV.dll
0x00007ffead2d0000 - 0x00007ffead2f8000 	C:\WINDOWS\SYSTEM32\bcrypt.dll
0x00007ffead150000 - 0x00007ffead15c000 	C:\WINDOWS\SYSTEM32\CRYPTBASE.dll
0x00007ffeac480000 - 0x00007ffeac4ad000 	C:\WINDOWS\SYSTEM32\IPHLPAPI.DLL
0x00007ffeaf220000 - 0x00007ffeaf229000 	C:\WINDOWS\System32\NSI.dll
0x00007ffe9cc10000 - 0x00007ffe9cc29000 	C:\WINDOWS\SYSTEM32\dhcpcsvc6.DLL
0x00007ffe9cb40000 - 0x00007ffe9cb5f000 	C:\WINDOWS\SYSTEM32\dhcpcsvc.DLL
0x00007ffeac4f0000 - 0x00007ffeac5e2000 	C:\WINDOWS\SYSTEM32\DNSAPI.dll
0x00007ffe9d9d0000 - 0x00007ffe9d9e0000 	C:\Program Files\Java\jdk-17\bin\verify.dll
0x00007ffea5750000 - 0x00007ffea5759000 	C:\Program Files\Java\jdk-17\bin\management.dll
0x00007ffea54e0000 - 0x00007ffea54eb000 	C:\Program Files\Java\jdk-17\bin\management_ext.dll

dbghelp: loaded successfully - version: 4.0.5 - missing functions: none
symbol engine: initialized successfully - sym options: 0x614 - pdb path: .;C:\Program Files\Java\jdk-17\bin;C:\WINDOWS\SYSTEM32;C:\WINDOWS\WinSxS\amd64_microsoft.windows.common-controls_6595b64144ccf1df_6.0.22621.2215_none_270d72677387dfc3;C:\Program Files\Java\jdk-17\bin\server;C:\Program Files\JetBrains\IntelliJ IDEA Community Edition 2023.2.5\bin

VM Arguments:
jvm_args: -ea -Didea.test.cyclic.buffer.size=1048576 -javaagent:C:\Program Files\JetBrains\IntelliJ IDEA Community Edition 2023.2.5\lib\idea_rt.jar=58645:C:\Program Files\JetBrains\IntelliJ IDEA Community Edition 2023.2.5\bin -Dfile.encoding=UTF-8 
java_command: com.intellij.rt.junit.JUnitStarter -ideVersion5 -junit5 com.pokemonreview.api.repository.PokemonRepositoryTests,PokemonRepository_UpdatePokemon_ReturnPokemonNotNull
java_class_path (initial): C:\Users\Samsung\.m2\repository\org\junit\platform\junit-platform-launcher\1.9.3\junit-platform-launcher-1.9.3.jar;C:\Program Files\JetBrains\IntelliJ IDEA Community Edition 2023.2.5\lib\idea_rt.jar;C:\Program Files\JetBrains\IntelliJ IDEA Community Edition 2023.2.5\plugins\junit\lib\junit5-rt.jar;C:\Program Files\JetBrains\IntelliJ IDEA Community Edition 2023.2.5\plugins\junit\lib\junit-rt.jar;C:\study\PokemonReview-Api\target\test-classes;C:\study\PokemonReview-Api\target\classes;C:\Users\Samsung\.m2\repository\org\springframework\boot\spring-boot-starter-data-jpa\3.1.5\spring-boot-starter-data-jpa-3.1.5.jar;C:\Users\Samsung\.m2\repository\org\springframework\boot\spring-boot-starter-aop\3.1.5\spring-boot-starter-aop-3.1.5.jar;C:\Users\Samsung\.m2\repository\org\springframework\spring-aop\6.0.13\spring-aop-6.0.13.jar;C:\Users\Samsung\.m2\repository\org\aspectj\aspectjweaver\1.9.20\aspectjweaver-1.9.20.jar;C:\Users\Samsung\.m2\repository\org\springframework\boot\spring-boot-starter-jdbc\3.1.5\spring-boot-starter-jdbc-3.1.5.jar;C:\Users\Samsung\.m2\repository\com\zaxxer\HikariCP\5.0.1\HikariCP-5.0.1.jar;C:\Users\Samsung\.m2\repository\org\springframework\spring-jdbc\6.0.13\spring-jdbc-6.0.13.jar;C:\Users\Samsung\.m2\repository\org\hibernate\orm\hibernate-core\6.2.13.Final\hibernate-core-6.2.13.Final.jar;C:\Users\Samsung\.m2\repository\jakarta\persistence\jakarta.persistence-api\3.1.0\jakarta.persistence-api-3.1.0.jar;C:\Users\Samsung\.m2\repository\jakarta\transaction\jakarta.transaction-api\2.0.1\jakarta.transaction-api-2.0.1.jar;C:\Users\Samsung\.m2\repository\org\jboss\logging\jboss-logging\3.5.3.Final\jboss-logging-3.5.3.Final.jar;C:\Users\Samsung\.m2\repository\org\hibernate\common\hibernate-commons-annotations\6.0.6.Final\hibernate-commons-annotations-6.0.6.Final.jar;C:\Users\Samsung\.m2\repository\io\smallrye\jandex\3.0.5\jandex-3.0.5.jar;C:\Users\Samsung\.m2\repository\com\fasterxml\classmate\1.5.1\classmate-1.5.1.jar;C:\Users\Sa
Launcher Type: SUN_STANDARD

[Global flags]
     intx CICompilerCount                          = 4                                         {product} {ergonomic}
     uint ConcGCThreads                            = 2                                         {product} {ergonomic}
     uint G1ConcRefinementThreads                  = 8                                         {product} {ergonomic}
   size_t G1HeapRegionSize                         = 1048576                                   {product} {ergonomic}
    uintx GCDrainStackTargetSize                   = 64                                        {product} {ergonomic}
   size_t InitialHeapSize                          = 132120576                                 {product} {ergonomic}
   size_t MarkStackSize                            = 4194304                                   {product} {ergonomic}
   size_t MaxHeapSize                              = 2090860544                                {product} {ergonomic}
   size_t MaxNewSize                               = 1254096896                                {product} {ergonomic}
   size_t MinHeapDeltaBytes                        = 1048576                                   {product} {ergonomic}
   size_t MinHeapSize                              = 8388608                                   {product} {ergonomic}
    uintx NonNMethodCodeHeapSize                   = 5839372                                {pd product} {ergonomic}
    uintx NonProfiledCodeHeapSize                  = 122909434                              {pd product} {ergonomic}
    uintx ProfiledCodeHeapSize                     = 122909434                              {pd product} {ergonomic}
    uintx ReservedCodeCacheSize                    = 251658240                              {pd product} {ergonomic}
     bool SegmentedCodeCache                       = true                                      {product} {ergonomic}
   size_t SoftMaxHeapSize                          = 2090860544                             {manageable} {ergonomic}
     bool UseCompressedClassPointers               = true                           {product lp64_product} {ergonomic}
     bool UseCompressedOops                        = true                           {product lp64_product} {ergonomic}
     bool UseG1GC                                  = true                                      {product} {ergonomic}
     bool UseLargePagesIndividualAllocation        = false                                  {pd product} {ergonomic}

Logging:
Log output configuration:
 #0: stdout all=warning uptime,level,tags
 #1: stderr all=off uptime,level,tags

Environment Variables:
JAVA_HOME=C:\Program Files\Java\jdk-11.0.14
PATH=C:\app\Samsung\product\21c\dbhomeXE\bin;C:\Program Files\Java\jdk-11.0.14\bin;C:\Program Files\MariaDB 10.11\bin;C:\Program Files\Common Files\Oracle\Java\javapath;C:\Program Files (x86)\Common Files\Oracle\Java\javapath;C:\WINDOWS\System32\WindowsPowerShell\v1.0\;C:\WINDOWS\system32;C:\WINDOWS;C:\WINDOWS\System32\Wbem;C:\WINDOWS\System32\OpenSSH\;C:\Program Files\MySQL\MySQL Server 8.0\bin;%MYSQL_HOME%\bin;C:\Program Files\GTK3-Runtime Win64\bin;C:\Program Files\Git\cmd;C:\Program Files\Git\bin;C:\Program Files\nodejs\;C:\Program Files\Docker\Docker\resources\bin;C:\Program Files\MySQL\MySQL Shell 8.0\bin\;C:\Users\Samsung\AppData\Local\Microsoft\WindowsApps;C:\Program Files\Bandizip\;%IntelliJ IDEA%;C:\Program Files\heroku\bin;C:\Users\Samsung\AppData\Local\GitHubDesktop\bin;C:\Program Files\JetBrains\IntelliJ IDEA Community Edition 2022.2.3\bin;;C:\Users\Samsung\AppData\Roaming\npm;C:\Users\Samsung\AppData\Local\Programs\Microsoft VS Code\bin
USERNAME=Samsung
OS=Windows_NT
PROCESSOR_IDENTIFIER=Intel64 Family 6 Model 142 Stepping 12, GenuineIntel



---------------  S Y S T E M  ---------------

OS:
 Windows 10 , 64 bit Build 22621 (10.0.22621.2215)
OS uptime: 0 days 5:28 hours

CPU: total 8 (initial active 8) (4 cores per cpu, 2 threads per core) family 6 model 142 stepping 12 microcode 0xde, cx8, cmov, fxsr, ht, mmx, 3dnowpref, sse, sse2, sse3, ssse3, sse4.1, sse4.2, popcnt, lzcnt, tsc, tscinvbit, avx, avx2, aes, erms, clmul, bmi1, bmi2, adx, fma, vzeroupper, clflush, clflushopt

Memory: 4k page, system-wide physical 7973M (568M free)
TotalPageFile size 12069M (AvailPageFile size 25M)
current process WorkingSet (physical memory assigned to process): 223M, peak: 225M
current process commit charge ("private bytes"): 261M, peak: 276M

vm_info: OpenJDK 64-Bit Server VM (17+35-2724) for windows-amd64 JRE (17+35-2724), built on Aug  5 2021 23:26:02 by "mach5one" with MS VC++ 16.8 (VS2019)

END.
