#
# There is insufficient memory for the Java Runtime Environment to continue.
# Native memory allocation (mmap) failed to map 132120576 bytes for Failed to commit area from 0x0000000083600000 to 0x000000008b400000 of length 132120576.
# Possible reasons:
#   The system is out of physical RAM or swap space
#   The process is running with CompressedOops enabled, and the Java Heap may be blocking the growth of the native heap
# Possible solutions:
#   Reduce memory load on the system
#   Increase physical memory or swap space
#   Check if swap backing store is full
#   Decrease Java heap size (-Xmx/-Xms)
#   Decrease number of Java threads
#   Decrease Java thread stack sizes (-Xss)
#   Set larger code cache with -XX:ReservedCodeCacheSize=
# This output file may be truncated or incomplete.
#
#  Out of Memory Error (./open/src/hotspot/os/windows/os_windows.cpp:3284), pid=6280, tid=13740
#
# JRE version:  (11.0.14+8) (build )
# Java VM: Java HotSpot(TM) 64-Bit Server VM (11.0.14+8-LTS-263, mixed mode, sharing, tiered, compressed oops, g1 gc, windows-amd64)
# No core dump will be written. Minidumps are not enabled by default on client versions of Windows
#

---------------  S U M M A R Y ------------

Command Line: target\springboot-vuejs-backend.jar --spring.profiles.active=prod

Host: Intel(R) Core(TM) i5-10210U CPU @ 1.60GHz, 8 cores, 7G,  Windows 11 , 64 bit Build 22621 (10.0.22621.2215)
Time: Wed Nov 22 13:57:42 2023 대한민국 표준시 elapsed time: 0.101680 seconds (0d 0h 0m 0s)

---------------  T H R E A D  ---------------

Current thread (0x000001f0d4e32000):  JavaThread "Unknown thread" [_thread_in_vm, id=13740, stack(0x0000002928a00000,0x0000002928b00000)]

Stack: [0x0000002928a00000,0x0000002928b00000]
Native frames: (J=compiled Java code, j=interpreted, Vv=VM code, C=native code)
V  [jvm.dll+0x6296da]
V  [jvm.dll+0x76323f]
V  [jvm.dll+0x7648e9]
V  [jvm.dll+0x764f73]
V  [jvm.dll+0x23d7c8]
V  [jvm.dll+0x626a5a]
V  [jvm.dll+0x61b7f5]
V  [jvm.dll+0x2f262c]
V  [jvm.dll+0x2f24b2]
V  [jvm.dll+0x2f71d6]
V  [jvm.dll+0x339bdf]
V  [jvm.dll+0x339610]
V  [jvm.dll+0x2cfc48]
V  [jvm.dll+0x2d0db6]
V  [jvm.dll+0x73d857]
V  [jvm.dll+0x73f0ef]
V  [jvm.dll+0x346909]
V  [jvm.dll+0x723160]
V  [jvm.dll+0x3b551f]
V  [jvm.dll+0x3b7631]
C  [jli.dll+0x5207]
C  [ucrtbase.dll+0x29363]
C  [KERNEL32.DLL+0x1257d]
C  [ntdll.dll+0x5aa68]


---------------  P R O C E S S  ---------------

Threads class SMR info:
_java_thread_list=0x000001f0d2b44440, length=0, elements={
}

Java Threads: ( => current thread )

Other Threads:
  0x000001f0d4e48000 GCTaskThread "GC Thread#0" [stack: 0x0000002928b00000,0x0000002928c00000] [id=25160]
  0x000001f0d4e77000 ConcurrentGCThread "G1 Main Marker" [stack: 0x0000002928c00000,0x0000002928d00000] [id=10452]
  0x000001f0d4e78800 ConcurrentGCThread "G1 Conc#0" [stack: 0x0000002928d00000,0x0000002928e00000] [id=24392]

[error occurred during error reporting (printing all threads), id 0xc0000005, EXCEPTION_ACCESS_VIOLATION (0xc0000005) at pc=0x00007ffd194beed7]

VM state:not at safepoint (not fully initialized)

VM Mutex/Monitor currently owned by a thread:  ([mutex/lock_event])
[0x000001f0d4e2d740] Heap_lock - owner thread: 0x000001f0d4e32000

Heap address: 0x0000000083600000, size: 1994 MB, Compressed Oops mode: Non-zero based: 0x0000000083600000
Narrow klass base: 0x0000000000000000, Narrow klass shift: 0

GC Heap History (0 events):
No events

Deoptimization events (0 events):
No events

Classes redefined (0 events):
No events

Internal exceptions (0 events):
No events

Events (0 events):
No events


Dynamic libraries:
0x00007ff7fac30000 - 0x00007ff7fac3f000 	C:\Program Files\Java\jdk-11.0.14\bin\java.exe
0x00007ffda1b10000 - 0x00007ffda1d24000 	C:\WINDOWS\SYSTEM32\ntdll.dll
0x00007ffda0d00000 - 0x00007ffda0dc4000 	C:\WINDOWS\System32\KERNEL32.DLL
0x00007ffd9f110000 - 0x00007ffd9f4b4000 	C:\WINDOWS\System32\KERNELBASE.dll
0x00007ffd9f4c0000 - 0x00007ffd9f5d1000 	C:\WINDOWS\System32\ucrtbase.dll
0x00007ffd87540000 - 0x00007ffd87558000 	C:\Program Files\Java\jdk-11.0.14\bin\jli.dll
0x00007ffd870b0000 - 0x00007ffd870c5000 	C:\Program Files\Java\jdk-11.0.14\bin\VCRUNTIME140.dll
0x00007ffda08f0000 - 0x00007ffda09a0000 	C:\WINDOWS\System32\ADVAPI32.dll
0x00007ffda14d0000 - 0x00007ffda1577000 	C:\WINDOWS\System32\msvcrt.dll
0x00007ffda12b0000 - 0x00007ffda1356000 	C:\WINDOWS\System32\sechost.dll
0x00007ffda1190000 - 0x00007ffda12a7000 	C:\WINDOWS\System32\RPCRT4.dll
0x00007ffda1680000 - 0x00007ffda182e000 	C:\WINDOWS\System32\USER32.dll
0x00007ffd9f870000 - 0x00007ffd9f896000 	C:\WINDOWS\System32\win32u.dll
0x00007ffda1160000 - 0x00007ffda1189000 	C:\WINDOWS\System32\GDI32.dll
0x00007ffd9eff0000 - 0x00007ffd9f108000 	C:\WINDOWS\System32\gdi32full.dll
0x00007ffd9e200000 - 0x00007ffd9e493000 	C:\WINDOWS\WinSxS\amd64_microsoft.windows.common-controls_6595b64144ccf1df_6.0.22621.2215_none_270d72677387dfc3\COMCTL32.dll
0x00007ffd9f660000 - 0x00007ffd9f6fa000 	C:\WINDOWS\System32\msvcp_win.dll
0x00007ffd8c090000 - 0x00007ffd8c09a000 	C:\WINDOWS\SYSTEM32\VERSION.dll
0x00007ffd9f8c0000 - 0x00007ffd9f8f1000 	C:\WINDOWS\System32\IMM32.DLL
0x00007ffd73270000 - 0x00007ffd7330b000 	C:\Program Files\Java\jdk-11.0.14\bin\msvcp140.dll
0x00007ffd191e0000 - 0x00007ffd19cf6000 	C:\Program Files\Java\jdk-11.0.14\bin\server\jvm.dll
0x00007ffda09a0000 - 0x00007ffda09a8000 	C:\WINDOWS\System32\PSAPI.DLL
0x00007ffd97f50000 - 0x00007ffd97f59000 	C:\WINDOWS\SYSTEM32\WSOCK32.dll
0x00007ffda15e0000 - 0x00007ffda1651000 	C:\WINDOWS\System32\WS2_32.dll
0x00007ffd92d60000 - 0x00007ffd92d94000 	C:\WINDOWS\SYSTEM32\WINMM.dll
0x00007ffd9d6b0000 - 0x00007ffd9d6c8000 	C:\WINDOWS\SYSTEM32\kernel.appcore.dll
0x00007ffd8b510000 - 0x00007ffd8b520000 	C:\Program Files\Java\jdk-11.0.14\bin\verify.dll
0x00007ffd9e840000 - 0x00007ffd9ea6e000 	C:\WINDOWS\SYSTEM32\DBGHELP.DLL
0x00007ffda0dd0000 - 0x00007ffda115a000 	C:\WINDOWS\System32\combase.dll
0x00007ffda19f0000 - 0x00007ffda1ac7000 	C:\WINDOWS\System32\OLEAUT32.dll
0x00007ffd9e6b0000 - 0x00007ffd9e6e2000 	C:\WINDOWS\SYSTEM32\dbgcore.DLL
0x00007ffd9f5e0000 - 0x00007ffd9f65a000 	C:\WINDOWS\System32\bcryptPrimitives.dll
0x00007ffd86d80000 - 0x00007ffd86da8000 	C:\Program Files\Java\jdk-11.0.14\bin\java.dll
0x00007ffd887a0000 - 0x00007ffd887aa000 	C:\Program Files\Java\jdk-11.0.14\bin\jimage.dll
0x00007ffd86d60000 - 0x00007ffd86d76000 	C:\Program Files\Java\jdk-11.0.14\bin\zip.dll

dbghelp: loaded successfully - version: 4.0.5 - missing functions: none
symbol engine: initialized successfully - sym options: 0x614 - pdb path: .;C:\Program Files\Java\jdk-11.0.14\bin;C:\WINDOWS\SYSTEM32;C:\WINDOWS\WinSxS\amd64_microsoft.windows.common-controls_6595b64144ccf1df_6.0.22621.2215_none_270d72677387dfc3;C:\Program Files\Java\jdk-11.0.14\bin\server

VM Arguments:
java_command: target\springboot-vuejs-backend.jar --spring.profiles.active=prod
java_class_path (initial): target\springboot-vuejs-backend.jar
Launcher Type: SUN_STANDARD

[Global flags]
     intx CICompilerCount                          = 4                                         {product} {ergonomic}
     uint ConcGCThreads                            = 2                                         {product} {ergonomic}
     uint G1ConcRefinementThreads                  = 8                                         {product} {ergonomic}
   size_t G1HeapRegionSize                         = 1048576                                   {product} {ergonomic}
    uintx GCDrainStackTargetSize                   = 64                                        {product} {ergonomic}
   size_t InitialHeapSize                          = 132120576                                 {product} {ergonomic}
   size_t MarkStackSize                            = 4194304                                   {product} {ergonomic}
   size_t MaxHeapSize                              = 2090860544                                {product} {ergonomic}
   size_t MinHeapDeltaBytes                        = 1048576                                   {product} {ergonomic}
    uintx NonNMethodCodeHeapSize                   = 5836300                                {pd product} {ergonomic}
    uintx NonProfiledCodeHeapSize                  = 122910970                              {pd product} {ergonomic}
    uintx ProfiledCodeHeapSize                     = 122910970                              {pd product} {ergonomic}
    uintx ReservedCodeCacheSize                    = 251658240                              {pd product} {ergonomic}
     bool SegmentedCodeCache                       = true                                      {product} {ergonomic}
     bool UseCompressedClassPointers               = true                                 {lp64_product} {ergonomic}
     bool UseCompressedOops                        = true                                 {lp64_product} {ergonomic}
     bool UseG1GC                                  = true                                      {product} {ergonomic}
     bool UseLargePagesIndividualAllocation        = false                                  {pd product} {ergonomic}

Logging:
Log output configuration:
 #0: stdout all=warning uptime,level,tags
 #1: stderr all=off uptime,level,tags

Environment Variables:
JAVA_HOME=C:\Program Files\Java\jdk-11.0.14
PATH=C:\app\Samsung\product\21c\dbhomeXE\bin;C:\Program Files\Java\jdk-11.0.14\bin;C:\Program Files\MariaDB 10.11\bin;C:\Program Files\Common Files\Oracle\Java\javapath;C:\Program Files (x86)\Common Files\Oracle\Java\javapath;C:\WINDOWS\System32\WindowsPowerShell\v1.0\;C:\WINDOWS\system32;C:\WINDOWS;C:\WINDOWS\System32\Wbem;C:\WINDOWS\System32\OpenSSH\;C:\Program Files\MySQL\MySQL Server 8.0\bin;%MYSQL_HOME%\bin;C:\Program Files\GTK3-Runtime Win64\bin;C:\Program Files\Git\cmd;C:\Program Files\Git\bin;C:\Program Files\nodejs\;;C:\Program Files\Docker\Docker\resources\bin;C:\Program Files\MySQL\MySQL Shell 8.0\bin\;C:\Users\Samsung\AppData\Local\Microsoft\WindowsApps;C:\Program Files\Bandizip\;%IntelliJ IDEA%;C:\Program Files\heroku\bin;C:\Users\Samsung\AppData\Local\GitHubDesktop\bin;C:\Program Files\JetBrains\IntelliJ IDEA Community Edition 2022.2.3\bin;;C:\Users\Samsung\AppData\Roaming\npm;C:\Users\Samsung\AppData\Local\Programs\Microsoft VS Code\bin
USERNAME=Samsung
OS=Windows_NT
PROCESSOR_IDENTIFIER=Intel64 Family 6 Model 142 Stepping 12, GenuineIntel



---------------  S Y S T E M  ---------------

OS: Windows 11 , 64 bit Build 22621 (10.0.22621.2215)
Hyper-V role detected

CPU:total 8 (initial active 8) (4 cores per cpu, 2 threads per core) family 6 model 142 stepping 12 microcode 0xde, cmov, cx8, fxsr, mmx, sse, sse2, sse3, ssse3, sse4.1, sse4.2, popcnt, avx, avx2, aes, clmul, erms, 3dnowpref, lzcnt, ht, tsc, tscinvbit, bmi1, bmi2, adx, fma

Memory: 4k page, system-wide physical 7973M (371M free)
TotalPageFile size 12069M (AvailPageFile size 82M)
current process WorkingSet (physical memory assigned to process): 11M, peak: 11M
current process commit charge ("private bytes"): 60M, peak: 186M

vm_info: Java HotSpot(TM) 64-Bit Server VM (11.0.14+8-LTS-263) for windows-amd64 JRE (11.0.14+8-LTS-263), built on Dec  7 2021 21:53:57 by "mach5one" with MS VC++ 15.9 (VS2017)

END.
