#
# There is insufficient memory for the Java Runtime Environment to continue.
# Native memory allocation (malloc) failed to allocate 1048576 bytes for AllocateHeap
# Possible reasons:
#   The system is out of physical RAM or swap space
#   The process is running with CompressedOops enabled, and the Java Heap may be blocking the growth of the native heap
# Possible solutions:
#   Reduce memory load on the system
#   Increase physical memory or swap space
#   Check if swap backing store is full
#   Decrease Java heap size (-Xmx/-Xms)
#   Decrease number of Java threads
#   Decrease Java thread stack sizes (-Xss)
#   Set larger code cache with -XX:ReservedCodeCacheSize=
#   JVM is running with Unscaled Compressed Oops mode in which the Java heap is
#     placed in the first 4GB address space. The Java Heap base address is the
#     maximum limit for the native heap growth. Please use -XX:HeapBaseMinAddress
#     to set the Java Heap base and to place the Java Heap above 4GB virtual address.
# This output file may be truncated or incomplete.
#
#  Out of Memory Error (allocation.cpp:44), pid=8308, tid=21460
#
# JRE version:  (17.0+35) (build )
# Java VM: OpenJDK 64-Bit Server VM (17+35-2724, mixed mode, sharing, tiered, compressed oops, compressed class ptrs, g1 gc, windows-amd64)
# No core dump will be written. Minidumps are not enabled by default on client versions of Windows
#

---------------  S U M M A R Y ------------

Command Line: -Dnet.bytebuddy.agent.attacher.dump= net.bytebuddy.agent.Attacher com.sun.tools.attach.VirtualMachine 12340 C:\Users\Samsung\.m2\repository\net\bytebuddy\byte-buddy-agent\1.14.9\byte-buddy-agent-1.14.9.jar false 

Host: Intel(R) Core(TM) i5-10210U CPU @ 1.60GHz, 8 cores, 7G,  Windows 10 , 64 bit Build 22621 (10.0.22621.2215)
Time: Mon Nov 20 16:06:49 2023  Windows 10 , 64 bit Build 22621 (10.0.22621.2215) elapsed time: 0.028435 seconds (0d 0h 0m 0s)

---------------  T H R E A D  ---------------

Current thread (0x0000019610ba0a10):  JavaThread "Unknown thread" [_thread_in_vm, id=21460, stack(0x000000647bb00000,0x000000647bc00000)]

Stack: [0x000000647bb00000,0x000000647bc00000]
Native frames: (J=compiled Java code, j=interpreted, Vv=VM code, C=native code)
V  [jvm.dll+0x66f8ea]
V  [jvm.dll+0x7ce224]
V  [jvm.dll+0x7cf9ce]
V  [jvm.dll+0x7d0033]
V  [jvm.dll+0x242bb5]
V  [jvm.dll+0xa4673]
V  [jvm.dll+0x2d3874]
V  [jvm.dll+0x7a006c]
V  [jvm.dll+0x365781]
V  [jvm.dll+0x77f59c]
V  [jvm.dll+0x3e805f]
V  [jvm.dll+0x3e9b01]
C  [jli.dll+0x527b]
C  [ucrtbase.dll+0x29363]
C  [KERNEL32.DLL+0x1257d]
C  [ntdll.dll+0x5aa68]


---------------  P R O C E S S  ---------------

Threads class SMR info:
_java_thread_list=0x00007ffe6b5f7818, length=0, elements={
}

Java Threads: ( => current thread )

Other Threads:

=>0x0000019610ba0a10 (exited) JavaThread "Unknown thread" [_thread_in_vm, id=21460, stack(0x000000647bb00000,0x000000647bc00000)]

Threads with active compile tasks:

VM state: not at safepoint (not fully initialized)

VM Mutex/Monitor currently owned by a thread: None

Heap address: 0x0000000000000000, size: 0 MB, Compressed Oops mode: 32-bit

CDS archive(s) mapped at: [0x0000000000000000-0x0000000000000000-0x0000000000000000), size 0, SharedBaseAddress: 0x0000000800000000, ArchiveRelocationMode: 0.
Narrow klass base: 0x0000000000000000, Narrow klass shift: 0, Narrow klass range: 0x0

GC Precious Log:
<Empty>

GC Heap History (0 events):
No events

Deoptimization events (0 events):
No events

Classes unloaded (0 events):
No events

Classes redefined (0 events):
No events

Internal exceptions (0 events):
No events

VM Operations (0 events):
No events

Events (1 events):
Event: 0.023 Loaded shared library C:\Program Files\Java\jdk-17\bin\java.dll


Dynamic libraries:
0x00007ff68c580000 - 0x00007ff68c58e000 	C:\Program Files\Java\jdk-17\bin\java.exe
0x00007ffeb0570000 - 0x00007ffeb0784000 	C:\WINDOWS\SYSTEM32\ntdll.dll
0x00007ffeae850000 - 0x00007ffeae914000 	C:\WINDOWS\System32\KERNEL32.DLL
0x00007ffeadd10000 - 0x00007ffeae0b4000 	C:\WINDOWS\System32\KERNELBASE.dll
0x00007ffeae140000 - 0x00007ffeae251000 	C:\WINDOWS\System32\ucrtbase.dll
0x00007ffea53e0000 - 0x00007ffea53f8000 	C:\Program Files\Java\jdk-17\bin\jli.dll
0x00007ffea5340000 - 0x00007ffea535a000 	C:\Program Files\Java\jdk-17\bin\VCRUNTIME140.dll
0x00007ffeb02d0000 - 0x00007ffeb047e000 	C:\WINDOWS\System32\USER32.dll
0x00007ffead920000 - 0x00007ffead946000 	C:\WINDOWS\System32\win32u.dll
0x00007ffeaed50000 - 0x00007ffeaed79000 	C:\WINDOWS\System32\GDI32.dll
0x00007ffeadb80000 - 0x00007ffeadc98000 	C:\WINDOWS\System32\gdi32full.dll
0x00007ffeae260000 - 0x00007ffeae2fa000 	C:\WINDOWS\System32\msvcp_win.dll
0x00007ffe8ae90000 - 0x00007ffe8b123000 	C:\WINDOWS\WinSxS\amd64_microsoft.windows.common-controls_6595b64144ccf1df_6.0.22621.2215_none_270d72677387dfc3\COMCTL32.dll
0x00007ffeb0480000 - 0x00007ffeb0527000 	C:\WINDOWS\System32\msvcrt.dll
0x00007ffeaed10000 - 0x00007ffeaed41000 	C:\WINDOWS\System32\IMM32.DLL
0x00007ffea5330000 - 0x00007ffea533c000 	C:\Program Files\Java\jdk-17\bin\vcruntime140_1.dll
0x00007ffe8c420000 - 0x00007ffe8c4ad000 	C:\Program Files\Java\jdk-17\bin\msvcp140.dll
0x00007ffe6ab60000 - 0x00007ffe6b71e000 	C:\Program Files\Java\jdk-17\bin\server\jvm.dll
0x00007ffeaf400000 - 0x00007ffeaf4b0000 	C:\WINDOWS\System32\ADVAPI32.dll
0x00007ffeaec60000 - 0x00007ffeaed06000 	C:\WINDOWS\System32\sechost.dll
0x00007ffeaf8a0000 - 0x00007ffeaf9b7000 	C:\WINDOWS\System32\RPCRT4.dll
0x00007ffeafa20000 - 0x00007ffeafa28000 	C:\WINDOWS\System32\PSAPI.DLL
0x00007ffea6f80000 - 0x00007ffea6f89000 	C:\WINDOWS\SYSTEM32\WSOCK32.dll
0x00007ffea4730000 - 0x00007ffea473a000 	C:\WINDOWS\SYSTEM32\VERSION.dll
0x00007ffe9cf40000 - 0x00007ffe9cf74000 	C:\WINDOWS\SYSTEM32\WINMM.dll
0x00007ffeaf230000 - 0x00007ffeaf2a1000 	C:\WINDOWS\System32\WS2_32.dll
0x00007ffeaca60000 - 0x00007ffeaca78000 	C:\WINDOWS\SYSTEM32\kernel.appcore.dll
0x00007ffea3770000 - 0x00007ffea377a000 	C:\Program Files\Java\jdk-17\bin\jimage.dll
0x00007ffea8000000 - 0x00007ffea822e000 	C:\WINDOWS\SYSTEM32\DBGHELP.DLL
0x00007ffeaf510000 - 0x00007ffeaf89a000 	C:\WINDOWS\System32\combase.dll
0x00007ffeaed80000 - 0x00007ffeaee57000 	C:\WINDOWS\System32\OLEAUT32.dll
0x00007ffea5860000 - 0x00007ffea5892000 	C:\WINDOWS\SYSTEM32\dbgcore.DLL
0x00007ffeae0c0000 - 0x00007ffeae13a000 	C:\WINDOWS\System32\bcryptPrimitives.dll
0x00007ffe9d9e0000 - 0x00007ffe9da05000 	C:\Program Files\Java\jdk-17\bin\java.dll

dbghelp: loaded successfully - version: 4.0.5 - missing functions: none
symbol engine: initialized successfully - sym options: 0x614 - pdb path: .;C:\Program Files\Java\jdk-17\bin;C:\WINDOWS\SYSTEM32;C:\WINDOWS\WinSxS\amd64_microsoft.windows.common-controls_6595b64144ccf1df_6.0.22621.2215_none_270d72677387dfc3;C:\Program Files\Java\jdk-17\bin\server

VM Arguments:
jvm_args: -Dnet.bytebuddy.agent.attacher.dump= 
java_command: net.bytebuddy.agent.Attacher com.sun.tools.attach.VirtualMachine 12340 C:\Users\Samsung\.m2\repository\net\bytebuddy\byte-buddy-agent\1.14.9\byte-buddy-agent-1.14.9.jar false 
java_class_path (initial): C:\Users\Samsung\.m2\repository\net\bytebuddy\byte-buddy-agent\1.14.9\byte-buddy-agent-1.14.9.jar
Launcher Type: SUN_STANDARD

[Global flags]
     intx CICompilerCount                          = 4                                         {product} {ergonomic}
     uint ConcGCThreads                            = 2                                         {product} {ergonomic}
     uint G1ConcRefinementThreads                  = 8                                         {product} {ergonomic}
   size_t G1HeapRegionSize                         = 1048576                                   {product} {ergonomic}
    uintx GCDrainStackTargetSize                   = 64                                        {product} {ergonomic}
   size_t InitialHeapSize                          = 132120576                                 {product} {ergonomic}
   size_t MarkStackSize                            = 4194304                                   {product} {ergonomic}
   size_t MaxHeapSize                              = 2090860544                                {product} {ergonomic}
   size_t MinHeapDeltaBytes                        = 1048576                                   {product} {ergonomic}
   size_t MinHeapSize                              = 8388608                                   {product} {ergonomic}
    uintx NonNMethodCodeHeapSize                   = 5839372                                {pd product} {ergonomic}
    uintx NonProfiledCodeHeapSize                  = 122909434                              {pd product} {ergonomic}
    uintx ProfiledCodeHeapSize                     = 122909434                              {pd product} {ergonomic}
    uintx ReservedCodeCacheSize                    = 251658240                              {pd product} {ergonomic}
     bool SegmentedCodeCache                       = true                                      {product} {ergonomic}
   size_t SoftMaxHeapSize                          = 2090860544                             {manageable} {ergonomic}
     bool UseCompressedClassPointers               = true                           {product lp64_product} {ergonomic}
     bool UseCompressedOops                        = true                           {product lp64_product} {ergonomic}
     bool UseG1GC                                  = true                                      {product} {ergonomic}
     bool UseLargePagesIndividualAllocation        = false                                  {pd product} {ergonomic}

Logging:
Log output configuration:
 #0: stdout all=warning uptime,level,tags
 #1: stderr all=off uptime,level,tags

Environment Variables:
JAVA_HOME=C:\Program Files\Java\jdk-11.0.14
PATH=C:\app\Samsung\product\21c\dbhomeXE\bin;C:\Program Files\Java\jdk-11.0.14\bin;C:\Program Files\MariaDB 10.11\bin;C:\Program Files\Common Files\Oracle\Java\javapath;C:\Program Files (x86)\Common Files\Oracle\Java\javapath;C:\WINDOWS\System32\WindowsPowerShell\v1.0\;C:\WINDOWS\system32;C:\WINDOWS;C:\WINDOWS\System32\Wbem;C:\WINDOWS\System32\OpenSSH\;C:\Program Files\MySQL\MySQL Server 8.0\bin;%MYSQL_HOME%\bin;C:\Program Files\GTK3-Runtime Win64\bin;C:\Program Files\Git\cmd;C:\Program Files\Git\bin;C:\Program Files\nodejs\;C:\Program Files\Docker\Docker\resources\bin;C:\Program Files\MySQL\MySQL Shell 8.0\bin\;C:\Users\Samsung\AppData\Local\Microsoft\WindowsApps;C:\Program Files\Bandizip\;%IntelliJ IDEA%;C:\Program Files\heroku\bin;C:\Users\Samsung\AppData\Local\GitHubDesktop\bin;C:\Program Files\JetBrains\IntelliJ IDEA Community Edition 2022.2.3\bin;;C:\Users\Samsung\AppData\Roaming\npm;C:\Users\Samsung\AppData\Local\Programs\Microsoft VS Code\bin
USERNAME=Samsung
OS=Windows_NT
PROCESSOR_IDENTIFIER=Intel64 Family 6 Model 142 Stepping 12, GenuineIntel



---------------  S Y S T E M  ---------------

OS:
 Windows 10 , 64 bit Build 22621 (10.0.22621.2215)
OS uptime: 0 days 5:28 hours

CPU: total 8 (initial active 8) (4 cores per cpu, 2 threads per core) family 6 model 142 stepping 12 microcode 0xde, cx8, cmov, fxsr, ht, mmx, 3dnowpref, sse, sse2, sse3, ssse3, sse4.1, sse4.2, popcnt, lzcnt, tsc, tscinvbit, avx, avx2, aes, erms, clmul, bmi1, bmi2, adx, fma, vzeroupper, clflush, clflushopt

Memory: 4k page, system-wide physical 7973M (564M free)
TotalPageFile size 12069M (AvailPageFile size 6M)
current process WorkingSet (physical memory assigned to process): 10M, peak: 10M
current process commit charge ("private bytes"): 15M, peak: 16M

vm_info: OpenJDK 64-Bit Server VM (17+35-2724) for windows-amd64 JRE (17+35-2724), built on Aug  5 2021 23:26:02 by "mach5one" with MS VC++ 16.8 (VS2019)

END.
